<?xml version="1.0" encoding="utf-8"?>
<CoverageSession xmlns:xsd="http://www.w3.org/2001/XMLSchema" xmlns:xsi="http://www.w3.org/2001/XMLSchema-instance" Version="4.6.0.0">
  <Summary numSequencePoints="452" visitedSequencePoints="212" numBranchPoints="158" visitedBranchPoints="48" sequenceCoverage="46.90" branchCoverage="30.38" maxCyclomaticComplexity="7" minCyclomaticComplexity="1" maxCrapScore="42" minCrapScore="1" visitedClasses="11" numClasses="28" visitedMethods="42" numMethods="109" />
  <Modules>
    <Module hash="ED-02-BE-9B-A1-0C-75-45-11-4A-FA-93-3C-BF-BB-6C-39-2E-E4-6F">
      <Summary numSequencePoints="141" visitedSequencePoints="129" numBranchPoints="19" visitedBranchPoints="19" sequenceCoverage="91.49" branchCoverage="100" maxCyclomaticComplexity="1" minCyclomaticComplexity="1" maxCrapScore="2" minCrapScore="1" visitedClasses="3" numClasses="3" visitedMethods="19" numMethods="19" />
      <ModulePath>D:\2 курс\Курсач\CourseWork\Tests\bin\Debug\Tests.dll</ModulePath>
      <ModuleTime>2019-05-29T07:32:24.8562704Z</ModuleTime>
      <ModuleName>Tests</ModuleName>
      <Files>
        <File uid="1" fullPath="D:\2 курс\Курсач\CourseWork\Tests\BLL\SheduleTest.cs" />
        <File uid="2" fullPath="D:\2 курс\Курсач\CourseWork\Tests\BLL\TeacherTest.cs" />
        <File uid="3" fullPath="D:\2 курс\Курсач\CourseWork\Tests\BLL\UserTest.cs" />
      </Files>
      <Classes>
        <Class>
          <Summary numSequencePoints="71" visitedSequencePoints="65" numBranchPoints="9" visitedBranchPoints="9" sequenceCoverage="91.55" branchCoverage="100" maxCyclomaticComplexity="1" minCyclomaticComplexity="1" maxCrapScore="2" minCrapScore="1" visitedClasses="1" numClasses="1" visitedMethods="9" numMethods="9" />
          <FullName>Tests.BLL.SheduleTest</FullName>
          <Methods>
            <Method visited="true" cyclomaticComplexity="1" nPathComplexity="0" sequenceCoverage="100" branchCoverage="100" crapScore="1" isConstructor="false" isStatic="false" isGetter="false" isSetter="false">
              <Summary numSequencePoints="8" visitedSequencePoints="8" numBranchPoints="1" visitedBranchPoints="1" sequenceCoverage="100" branchCoverage="100" maxCyclomaticComplexity="1" minCyclomaticComplexity="1" maxCrapScore="1" minCrapScore="1" visitedClasses="0" numClasses="0" visitedMethods="1" numMethods="1" />
              <MetadataToken>100663297</MetadataToken>
              <Name>System.Void Tests.BLL.SheduleTest::Load()</Name>
              <FileRef uid="1" />
              <SequencePoints>
                <SequencePoint vc="8" uspid="1" ordinal="0" offset="0" sl="22" sc="9" el="22" ec="10" bec="0" bev="0" fileid="1" />
                <SequencePoint vc="8" uspid="2" ordinal="1" offset="1" sl="23" sc="13" el="23" ec="43" bec="0" bev="0" fileid="1" />
                <SequencePoint vc="8" uspid="3" ordinal="2" offset="12" sl="24" sc="13" el="24" ec="73" bec="0" bev="0" fileid="1" />
                <SequencePoint vc="8" uspid="4" ordinal="3" offset="23" sl="25" sc="13" el="25" ec="74" bec="0" bev="0" fileid="1" />
                <SequencePoint vc="8" uspid="5" ordinal="4" offset="108" sl="26" sc="13" el="34" ec="20" bec="0" bev="0" fileid="1" />
                <SequencePoint vc="8" uspid="6" ordinal="5" offset="312" sl="35" sc="13" el="39" ec="19" bec="0" bev="0" fileid="1" />
                <SequencePoint vc="8" uspid="7" ordinal="6" offset="463" sl="40" sc="13" el="40" ec="59" bec="0" bev="0" fileid="1" />
                <SequencePoint vc="8" uspid="8" ordinal="7" offset="485" sl="41" sc="9" el="41" ec="10" bec="0" bev="0" fileid="1" />
              </SequencePoints>
              <BranchPoints />
              <MethodPoint xsi:type="SequencePoint" vc="8" uspid="1" ordinal="0" offset="0" sl="22" sc="9" el="22" ec="10" bec="0" bev="0" fileid="1" />
            </Method>
            <Method visited="true" cyclomaticComplexity="1" nPathComplexity="0" sequenceCoverage="100" branchCoverage="100" crapScore="1" isConstructor="false" isStatic="false" isGetter="false" isSetter="false">
              <Summary numSequencePoints="5" visitedSequencePoints="5" numBranchPoints="1" visitedBranchPoints="1" sequenceCoverage="100" branchCoverage="100" maxCyclomaticComplexity="1" minCyclomaticComplexity="1" maxCrapScore="1" minCrapScore="1" visitedClasses="0" numClasses="0" visitedMethods="1" numMethods="1" />
              <MetadataToken>100663298</MetadataToken>
              <Name>System.Void Tests.BLL.SheduleTest::Add_TryToCreate_RepositoryShouldCallOnce()</Name>
              <FileRef uid="1" />
              <SequencePoints>
                <SequencePoint vc="1" uspid="9" ordinal="0" offset="0" sl="45" sc="9" el="45" ec="10" bec="0" bev="0" fileid="1">
                  <TrackedMethodRefs>
                    <TrackedMethodRef uid="1" vc="1" />
                  </TrackedMethodRefs>
                </SequencePoint>
                <SequencePoint vc="1" uspid="10" ordinal="1" offset="1" sl="47" sc="13" el="54" ec="15" bec="0" bev="0" fileid="1">
                  <TrackedMethodRefs>
                    <TrackedMethodRef uid="1" vc="1" />
                  </TrackedMethodRefs>
                </SequencePoint>
                <SequencePoint vc="1" uspid="11" ordinal="2" offset="72" sl="56" sc="13" el="56" ec="48" bec="0" bev="0" fileid="1">
                  <TrackedMethodRefs>
                    <TrackedMethodRef uid="1" vc="1" />
                  </TrackedMethodRefs>
                </SequencePoint>
                <SequencePoint vc="1" uspid="12" ordinal="3" offset="85" sl="59" sc="13" el="59" ec="81" bec="0" bev="0" fileid="1">
                  <TrackedMethodRefs>
                    <TrackedMethodRef uid="1" vc="1" />
                  </TrackedMethodRefs>
                </SequencePoint>
                <SequencePoint vc="1" uspid="13" ordinal="4" offset="226" sl="60" sc="9" el="60" ec="10" bec="0" bev="0" fileid="1">
                  <TrackedMethodRefs>
                    <TrackedMethodRef uid="1" vc="1" />
                  </TrackedMethodRefs>
                </SequencePoint>
              </SequencePoints>
              <BranchPoints />
              <MethodPoint xsi:type="SequencePoint" vc="1" uspid="9" ordinal="0" offset="0" sl="45" sc="9" el="45" ec="10" bec="0" bev="0" fileid="1">
                <TrackedMethodRefs>
                  <TrackedMethodRef uid="1" vc="1" />
                </TrackedMethodRefs>
              </MethodPoint>
            </Method>
            <Method visited="true" cyclomaticComplexity="1" nPathComplexity="0" sequenceCoverage="100" branchCoverage="100" crapScore="1" isConstructor="false" isStatic="false" isGetter="false" isSetter="false">
              <Summary numSequencePoints="5" visitedSequencePoints="5" numBranchPoints="1" visitedBranchPoints="1" sequenceCoverage="100" branchCoverage="100" maxCyclomaticComplexity="1" minCyclomaticComplexity="1" maxCrapScore="1" minCrapScore="1" visitedClasses="0" numClasses="0" visitedMethods="1" numMethods="1" />
              <MetadataToken>100663299</MetadataToken>
              <Name>System.Void Tests.BLL.SheduleTest::Update_TryToEdit_RepositoryShouldCallOnce()</Name>
              <FileRef uid="1" />
              <SequencePoints>
                <SequencePoint vc="1" uspid="14" ordinal="0" offset="0" sl="64" sc="9" el="64" ec="10" bec="0" bev="0" fileid="1">
                  <TrackedMethodRefs>
                    <TrackedMethodRef uid="2" vc="1" />
                  </TrackedMethodRefs>
                </SequencePoint>
                <SequencePoint vc="1" uspid="15" ordinal="1" offset="1" sl="66" sc="13" el="73" ec="16" bec="0" bev="0" fileid="1">
                  <TrackedMethodRefs>
                    <TrackedMethodRef uid="2" vc="1" />
                  </TrackedMethodRefs>
                </SequencePoint>
                <SequencePoint vc="1" uspid="16" ordinal="2" offset="185" sl="76" sc="13" el="83" ec="16" bec="0" bev="0" fileid="1">
                  <TrackedMethodRefs>
                    <TrackedMethodRef uid="2" vc="1" />
                  </TrackedMethodRefs>
                </SequencePoint>
                <SequencePoint vc="1" uspid="17" ordinal="3" offset="247" sl="86" sc="13" el="86" ec="81" bec="0" bev="0" fileid="1">
                  <TrackedMethodRefs>
                    <TrackedMethodRef uid="2" vc="1" />
                  </TrackedMethodRefs>
                </SequencePoint>
                <SequencePoint vc="1" uspid="18" ordinal="4" offset="388" sl="87" sc="9" el="87" ec="10" bec="0" bev="0" fileid="1">
                  <TrackedMethodRefs>
                    <TrackedMethodRef uid="2" vc="1" />
                  </TrackedMethodRefs>
                </SequencePoint>
              </SequencePoints>
              <BranchPoints />
              <MethodPoint xsi:type="SequencePoint" vc="1" uspid="14" ordinal="0" offset="0" sl="64" sc="9" el="64" ec="10" bec="0" bev="0" fileid="1">
                <TrackedMethodRefs>
                  <TrackedMethodRef uid="2" vc="1" />
                </TrackedMethodRefs>
              </MethodPoint>
            </Method>
            <Method visited="true" cyclomaticComplexity="1" nPathComplexity="0" sequenceCoverage="100" branchCoverage="100" crapScore="1" isConstructor="false" isStatic="false" isGetter="false" isSetter="false">
              <Summary numSequencePoints="8" visitedSequencePoints="8" numBranchPoints="1" visitedBranchPoints="1" sequenceCoverage="100" branchCoverage="100" maxCyclomaticComplexity="1" minCyclomaticComplexity="1" maxCrapScore="1" minCrapScore="1" visitedClasses="0" numClasses="0" visitedMethods="1" numMethods="1" />
              <MetadataToken>100663300</MetadataToken>
              <Name>System.Void Tests.BLL.SheduleTest::Update_TryToEdit_RepositoryShouldEdit()</Name>
              <FileRef uid="1" />
              <SequencePoints>
                <SequencePoint vc="1" uspid="19" ordinal="0" offset="0" sl="91" sc="9" el="91" ec="10" bec="0" bev="0" fileid="1">
                  <TrackedMethodRefs>
                    <TrackedMethodRef uid="3" vc="1" />
                  </TrackedMethodRefs>
                </SequencePoint>
                <SequencePoint vc="1" uspid="20" ordinal="1" offset="1" sl="93" sc="13" el="93" ec="24" bec="0" bev="0" fileid="1">
                  <TrackedMethodRefs>
                    <TrackedMethodRef uid="3" vc="1" />
                  </TrackedMethodRefs>
                </SequencePoint>
                <SequencePoint vc="1" uspid="21" ordinal="2" offset="3" sl="94" sc="13" el="98" ec="15" bec="0" bev="0" fileid="1">
                  <TrackedMethodRefs>
                    <TrackedMethodRef uid="3" vc="1" />
                  </TrackedMethodRefs>
                </SequencePoint>
                <SequencePoint vc="1" uspid="22" ordinal="3" offset="25" sl="101" sc="13" el="105" ec="16" bec="0" bev="0" fileid="1">
                  <TrackedMethodRefs>
                    <TrackedMethodRef uid="3" vc="1" />
                  </TrackedMethodRefs>
                </SequencePoint>
                <SequencePoint vc="1" uspid="23" ordinal="4" offset="58" sl="107" sc="13" el="107" ec="46" bec="0" bev="0" fileid="1">
                  <TrackedMethodRefs>
                    <TrackedMethodRef uid="3" vc="1" />
                  </TrackedMethodRefs>
                </SequencePoint>
                <SequencePoint vc="1" uspid="24" ordinal="5" offset="60" sl="108" sc="13" el="108" ec="49" bec="0" bev="0" fileid="1">
                  <TrackedMethodRefs>
                    <TrackedMethodRef uid="3" vc="1" />
                  </TrackedMethodRefs>
                </SequencePoint>
                <SequencePoint vc="1" uspid="25" ordinal="6" offset="68" sl="110" sc="13" el="110" ec="54" bec="0" bev="0" fileid="1">
                  <TrackedMethodRefs>
                    <TrackedMethodRef uid="3" vc="1" />
                  </TrackedMethodRefs>
                </SequencePoint>
                <SequencePoint vc="1" uspid="26" ordinal="7" offset="76" sl="112" sc="9" el="112" ec="10" bec="0" bev="0" fileid="1">
                  <TrackedMethodRefs>
                    <TrackedMethodRef uid="3" vc="1" />
                  </TrackedMethodRefs>
                </SequencePoint>
              </SequencePoints>
              <BranchPoints />
              <MethodPoint xsi:type="SequencePoint" vc="1" uspid="19" ordinal="0" offset="0" sl="91" sc="9" el="91" ec="10" bec="0" bev="0" fileid="1">
                <TrackedMethodRefs>
                  <TrackedMethodRef uid="3" vc="1" />
                </TrackedMethodRefs>
              </MethodPoint>
            </Method>
            <Method visited="true" cyclomaticComplexity="1" nPathComplexity="0" sequenceCoverage="100" branchCoverage="100" crapScore="1" isConstructor="false" isStatic="false" isGetter="false" isSetter="false">
              <Summary numSequencePoints="5" visitedSequencePoints="5" numBranchPoints="1" visitedBranchPoints="1" sequenceCoverage="100" branchCoverage="100" maxCyclomaticComplexity="1" minCyclomaticComplexity="1" maxCrapScore="1" minCrapScore="1" visitedClasses="0" numClasses="0" visitedMethods="1" numMethods="1" />
              <MetadataToken>100663301</MetadataToken>
              <Name>System.Void Tests.BLL.SheduleTest::RemoveShedule_TryToRemoveShedule_RepositoryShouldCallOnce()</Name>
              <FileRef uid="1" />
              <SequencePoints>
                <SequencePoint vc="1" uspid="27" ordinal="0" offset="0" sl="117" sc="9" el="117" ec="10" bec="0" bev="0" fileid="1">
                  <TrackedMethodRefs>
                    <TrackedMethodRef uid="4" vc="1" />
                  </TrackedMethodRefs>
                </SequencePoint>
                <SequencePoint vc="1" uspid="28" ordinal="1" offset="1" sl="119" sc="13" el="126" ec="16" bec="0" bev="0" fileid="1">
                  <TrackedMethodRefs>
                    <TrackedMethodRef uid="4" vc="1" />
                  </TrackedMethodRefs>
                </SequencePoint>
                <SequencePoint vc="1" uspid="29" ordinal="2" offset="185" sl="129" sc="13" el="129" ec="59" bec="0" bev="0" fileid="1">
                  <TrackedMethodRefs>
                    <TrackedMethodRef uid="4" vc="1" />
                  </TrackedMethodRefs>
                </SequencePoint>
                <SequencePoint vc="1" uspid="30" ordinal="3" offset="202" sl="132" sc="13" el="132" ec="77" bec="0" bev="0" fileid="1">
                  <TrackedMethodRefs>
                    <TrackedMethodRef uid="4" vc="1" />
                  </TrackedMethodRefs>
                </SequencePoint>
                <SequencePoint vc="1" uspid="31" ordinal="4" offset="343" sl="133" sc="9" el="133" ec="10" bec="0" bev="0" fileid="1">
                  <TrackedMethodRefs>
                    <TrackedMethodRef uid="4" vc="1" />
                  </TrackedMethodRefs>
                </SequencePoint>
              </SequencePoints>
              <BranchPoints />
              <MethodPoint xsi:type="SequencePoint" vc="1" uspid="27" ordinal="0" offset="0" sl="117" sc="9" el="117" ec="10" bec="0" bev="0" fileid="1">
                <TrackedMethodRefs>
                  <TrackedMethodRef uid="4" vc="1" />
                </TrackedMethodRefs>
              </MethodPoint>
            </Method>
            <Method visited="true" cyclomaticComplexity="1" nPathComplexity="0" sequenceCoverage="83.33" branchCoverage="100" crapScore="1.00" isConstructor="false" isStatic="false" isGetter="false" isSetter="false">
              <Summary numSequencePoints="12" visitedSequencePoints="10" numBranchPoints="1" visitedBranchPoints="1" sequenceCoverage="83.33" branchCoverage="100" maxCyclomaticComplexity="1" minCyclomaticComplexity="1" maxCrapScore="1.00" minCrapScore="1.00" visitedClasses="0" numClasses="0" visitedMethods="1" numMethods="1" />
              <MetadataToken>100663302</MetadataToken>
              <Name>System.Void Tests.BLL.SheduleTest::GetSheduleGroup_ShouldCallOnce()</Name>
              <FileRef uid="1" />
              <SequencePoints>
                <SequencePoint vc="1" uspid="32" ordinal="0" offset="0" sl="139" sc="9" el="139" ec="10" bec="0" bev="0" fileid="1">
                  <TrackedMethodRefs>
                    <TrackedMethodRef uid="5" vc="1" />
                  </TrackedMethodRefs>
                </SequencePoint>
                <SequencePoint vc="1" uspid="33" ordinal="1" offset="1" sl="141" sc="13" el="148" ec="16" bec="0" bev="0" fileid="1">
                  <TrackedMethodRefs>
                    <TrackedMethodRef uid="5" vc="1" />
                  </TrackedMethodRefs>
                </SequencePoint>
                <SequencePoint vc="1" uspid="34" ordinal="2" offset="185" sl="155" sc="13" el="155" ec="14" bec="0" bev="0" fileid="1">
                  <TrackedMethodRefs>
                    <TrackedMethodRef uid="5" vc="1" />
                  </TrackedMethodRefs>
                </SequencePoint>
                <SequencePoint vc="1" uspid="35" ordinal="3" offset="186" sl="156" sc="17" el="156" ec="65" bec="0" bev="0" fileid="1">
                  <TrackedMethodRefs>
                    <TrackedMethodRef uid="5" vc="1" />
                  </TrackedMethodRefs>
                </SequencePoint>
                <SequencePoint vc="0" uspid="36" ordinal="4" offset="203" sl="157" sc="17" el="157" ec="63" bec="0" bev="0" fileid="1" />
                <SequencePoint vc="0" uspid="37" ordinal="5" offset="278" sl="158" sc="13" el="158" ec="14" bec="0" bev="0" fileid="1" />
                <SequencePoint vc="1" uspid="38" ordinal="6" offset="281" sl="159" sc="13" el="159" ec="32" bec="0" bev="0" fileid="1">
                  <TrackedMethodRefs>
                    <TrackedMethodRef uid="5" vc="1" />
                  </TrackedMethodRefs>
                </SequencePoint>
                <SequencePoint vc="1" uspid="39" ordinal="7" offset="282" sl="160" sc="13" el="160" ec="14" bec="0" bev="0" fileid="1">
                  <TrackedMethodRefs>
                    <TrackedMethodRef uid="5" vc="1" />
                  </TrackedMethodRefs>
                </SequencePoint>
                <SequencePoint vc="1" uspid="40" ordinal="8" offset="283" sl="161" sc="17" el="161" ec="76" bec="0" bev="0" fileid="1">
                  <TrackedMethodRefs>
                    <TrackedMethodRef uid="5" vc="1" />
                  </TrackedMethodRefs>
                </SequencePoint>
                <SequencePoint vc="1" uspid="41" ordinal="9" offset="305" sl="162" sc="17" el="162" ec="58" bec="0" bev="0" fileid="1">
                  <TrackedMethodRefs>
                    <TrackedMethodRef uid="5" vc="1" />
                  </TrackedMethodRefs>
                </SequencePoint>
                <SequencePoint vc="1" uspid="42" ordinal="10" offset="386" sl="163" sc="13" el="163" ec="14" bec="0" bev="0" fileid="1">
                  <TrackedMethodRefs>
                    <TrackedMethodRef uid="5" vc="1" />
                  </TrackedMethodRefs>
                </SequencePoint>
                <SequencePoint vc="1" uspid="43" ordinal="11" offset="389" sl="172" sc="9" el="172" ec="10" bec="0" bev="0" fileid="1">
                  <TrackedMethodRefs>
                    <TrackedMethodRef uid="5" vc="1" />
                  </TrackedMethodRefs>
                </SequencePoint>
              </SequencePoints>
              <BranchPoints />
              <MethodPoint xsi:type="SequencePoint" vc="1" uspid="32" ordinal="0" offset="0" sl="139" sc="9" el="139" ec="10" bec="0" bev="0" fileid="1">
                <TrackedMethodRefs>
                  <TrackedMethodRef uid="5" vc="1" />
                </TrackedMethodRefs>
              </MethodPoint>
            </Method>
            <Method visited="true" cyclomaticComplexity="1" nPathComplexity="0" sequenceCoverage="83.33" branchCoverage="100" crapScore="1.00" isConstructor="false" isStatic="false" isGetter="false" isSetter="false">
              <Summary numSequencePoints="12" visitedSequencePoints="10" numBranchPoints="1" visitedBranchPoints="1" sequenceCoverage="83.33" branchCoverage="100" maxCyclomaticComplexity="1" minCyclomaticComplexity="1" maxCrapScore="1.00" minCrapScore="1.00" visitedClasses="0" numClasses="0" visitedMethods="1" numMethods="1" />
              <MetadataToken>100663303</MetadataToken>
              <Name>System.Void Tests.BLL.SheduleTest::GetAutitoryShedule_ShouldCallOnce()</Name>
              <FileRef uid="1" />
              <SequencePoints>
                <SequencePoint vc="1" uspid="44" ordinal="0" offset="0" sl="176" sc="9" el="176" ec="10" bec="0" bev="0" fileid="1">
                  <TrackedMethodRefs>
                    <TrackedMethodRef uid="6" vc="1" />
                  </TrackedMethodRefs>
                </SequencePoint>
                <SequencePoint vc="1" uspid="45" ordinal="1" offset="1" sl="178" sc="13" el="185" ec="16" bec="0" bev="0" fileid="1">
                  <TrackedMethodRefs>
                    <TrackedMethodRef uid="6" vc="1" />
                  </TrackedMethodRefs>
                </SequencePoint>
                <SequencePoint vc="1" uspid="46" ordinal="2" offset="185" sl="189" sc="13" el="189" ec="14" bec="0" bev="0" fileid="1">
                  <TrackedMethodRefs>
                    <TrackedMethodRef uid="6" vc="1" />
                  </TrackedMethodRefs>
                </SequencePoint>
                <SequencePoint vc="1" uspid="47" ordinal="3" offset="186" sl="190" sc="17" el="190" ec="68" bec="0" bev="0" fileid="1">
                  <TrackedMethodRefs>
                    <TrackedMethodRef uid="6" vc="1" />
                  </TrackedMethodRefs>
                </SequencePoint>
                <SequencePoint vc="0" uspid="48" ordinal="4" offset="203" sl="191" sc="17" el="191" ec="57" bec="0" bev="0" fileid="1" />
                <SequencePoint vc="0" uspid="49" ordinal="5" offset="284" sl="192" sc="13" el="192" ec="14" bec="0" bev="0" fileid="1" />
                <SequencePoint vc="1" uspid="50" ordinal="6" offset="287" sl="193" sc="13" el="193" ec="33" bec="0" bev="0" fileid="1">
                  <TrackedMethodRefs>
                    <TrackedMethodRef uid="6" vc="1" />
                  </TrackedMethodRefs>
                </SequencePoint>
                <SequencePoint vc="1" uspid="51" ordinal="7" offset="288" sl="194" sc="13" el="194" ec="14" bec="0" bev="0" fileid="1">
                  <TrackedMethodRefs>
                    <TrackedMethodRef uid="6" vc="1" />
                  </TrackedMethodRefs>
                </SequencePoint>
                <SequencePoint vc="1" uspid="52" ordinal="8" offset="289" sl="195" sc="17" el="195" ec="76" bec="0" bev="0" fileid="1">
                  <TrackedMethodRefs>
                    <TrackedMethodRef uid="6" vc="1" />
                  </TrackedMethodRefs>
                </SequencePoint>
                <SequencePoint vc="1" uspid="53" ordinal="9" offset="311" sl="196" sc="17" el="196" ec="58" bec="0" bev="0" fileid="1">
                  <TrackedMethodRefs>
                    <TrackedMethodRef uid="6" vc="1" />
                  </TrackedMethodRefs>
                </SequencePoint>
                <SequencePoint vc="1" uspid="54" ordinal="10" offset="392" sl="197" sc="13" el="197" ec="14" bec="0" bev="0" fileid="1">
                  <TrackedMethodRefs>
                    <TrackedMethodRef uid="6" vc="1" />
                  </TrackedMethodRefs>
                </SequencePoint>
                <SequencePoint vc="1" uspid="55" ordinal="11" offset="395" sl="202" sc="9" el="202" ec="10" bec="0" bev="0" fileid="1">
                  <TrackedMethodRefs>
                    <TrackedMethodRef uid="6" vc="1" />
                  </TrackedMethodRefs>
                </SequencePoint>
              </SequencePoints>
              <BranchPoints />
              <MethodPoint xsi:type="SequencePoint" vc="1" uspid="44" ordinal="0" offset="0" sl="176" sc="9" el="176" ec="10" bec="0" bev="0" fileid="1">
                <TrackedMethodRefs>
                  <TrackedMethodRef uid="6" vc="1" />
                </TrackedMethodRefs>
              </MethodPoint>
            </Method>
            <Method visited="true" cyclomaticComplexity="1" nPathComplexity="0" sequenceCoverage="81.82" branchCoverage="100" crapScore="1.01" isConstructor="false" isStatic="false" isGetter="false" isSetter="false">
              <Summary numSequencePoints="11" visitedSequencePoints="9" numBranchPoints="1" visitedBranchPoints="1" sequenceCoverage="81.82" branchCoverage="100" maxCyclomaticComplexity="1" minCyclomaticComplexity="1" maxCrapScore="1.01" minCrapScore="1.01" visitedClasses="0" numClasses="0" visitedMethods="1" numMethods="1" />
              <MetadataToken>100663304</MetadataToken>
              <Name>System.Void Tests.BLL.SheduleTest::GetDisciplineShedule_ShouldCallOnce()</Name>
              <FileRef uid="1" />
              <SequencePoints>
                <SequencePoint vc="1" uspid="56" ordinal="0" offset="0" sl="205" sc="9" el="205" ec="10" bec="0" bev="0" fileid="1">
                  <TrackedMethodRefs>
                    <TrackedMethodRef uid="7" vc="1" />
                  </TrackedMethodRefs>
                </SequencePoint>
                <SequencePoint vc="1" uspid="57" ordinal="1" offset="1" sl="207" sc="13" el="214" ec="16" bec="0" bev="0" fileid="1">
                  <TrackedMethodRefs>
                    <TrackedMethodRef uid="7" vc="1" />
                  </TrackedMethodRefs>
                </SequencePoint>
                <SequencePoint vc="1" uspid="58" ordinal="2" offset="185" sl="218" sc="13" el="218" ec="14" bec="0" bev="0" fileid="1">
                  <TrackedMethodRefs>
                    <TrackedMethodRef uid="7" vc="1" />
                  </TrackedMethodRefs>
                </SequencePoint>
                <SequencePoint vc="1" uspid="59" ordinal="3" offset="186" sl="219" sc="17" el="219" ec="73" bec="0" bev="0" fileid="1">
                  <TrackedMethodRefs>
                    <TrackedMethodRef uid="7" vc="1" />
                  </TrackedMethodRefs>
                </SequencePoint>
                <SequencePoint vc="0" uspid="60" ordinal="4" offset="203" sl="220" sc="17" el="220" ec="57" bec="0" bev="0" fileid="1" />
                <SequencePoint vc="0" uspid="61" ordinal="5" offset="284" sl="221" sc="13" el="221" ec="14" bec="0" bev="0" fileid="1" />
                <SequencePoint vc="1" uspid="62" ordinal="6" offset="287" sl="222" sc="13" el="222" ec="33" bec="0" bev="0" fileid="1">
                  <TrackedMethodRefs>
                    <TrackedMethodRef uid="7" vc="1" />
                  </TrackedMethodRefs>
                </SequencePoint>
                <SequencePoint vc="1" uspid="63" ordinal="7" offset="288" sl="223" sc="13" el="223" ec="14" bec="0" bev="0" fileid="1">
                  <TrackedMethodRefs>
                    <TrackedMethodRef uid="7" vc="1" />
                  </TrackedMethodRefs>
                </SequencePoint>
                <SequencePoint vc="1" uspid="64" ordinal="8" offset="289" sl="225" sc="17" el="225" ec="58" bec="0" bev="0" fileid="1">
                  <TrackedMethodRefs>
                    <TrackedMethodRef uid="7" vc="1" />
                  </TrackedMethodRefs>
                </SequencePoint>
                <SequencePoint vc="1" uspid="65" ordinal="9" offset="370" sl="226" sc="13" el="226" ec="14" bec="0" bev="0" fileid="1">
                  <TrackedMethodRefs>
                    <TrackedMethodRef uid="7" vc="1" />
                  </TrackedMethodRefs>
                </SequencePoint>
                <SequencePoint vc="1" uspid="66" ordinal="10" offset="373" sl="231" sc="9" el="231" ec="10" bec="0" bev="0" fileid="1">
                  <TrackedMethodRefs>
                    <TrackedMethodRef uid="7" vc="1" />
                  </TrackedMethodRefs>
                </SequencePoint>
              </SequencePoints>
              <BranchPoints />
              <MethodPoint xsi:type="SequencePoint" vc="1" uspid="56" ordinal="0" offset="0" sl="205" sc="9" el="205" ec="10" bec="0" bev="0" fileid="1">
                <TrackedMethodRefs>
                  <TrackedMethodRef uid="7" vc="1" />
                </TrackedMethodRefs>
              </MethodPoint>
            </Method>
            <Method visited="true" cyclomaticComplexity="1" nPathComplexity="0" sequenceCoverage="100" branchCoverage="100" crapScore="1" isConstructor="false" isStatic="false" isGetter="false" isSetter="false">
              <Summary numSequencePoints="5" visitedSequencePoints="5" numBranchPoints="1" visitedBranchPoints="1" sequenceCoverage="100" branchCoverage="100" maxCyclomaticComplexity="1" minCyclomaticComplexity="1" maxCrapScore="1" minCrapScore="1" visitedClasses="0" numClasses="0" visitedMethods="1" numMethods="1" />
              <MetadataToken>100663305</MetadataToken>
              <Name>System.Void Tests.BLL.SheduleTest::LoadTeacherName_ShouldCallOnce()</Name>
              <FileRef uid="1" />
              <SequencePoints>
                <SequencePoint vc="1" uspid="67" ordinal="0" offset="0" sl="235" sc="9" el="235" ec="10" bec="0" bev="0" fileid="1">
                  <TrackedMethodRefs>
                    <TrackedMethodRef uid="8" vc="1" />
                  </TrackedMethodRefs>
                </SequencePoint>
                <SequencePoint vc="1" uspid="68" ordinal="1" offset="1" sl="237" sc="13" el="244" ec="16" bec="0" bev="0" fileid="1">
                  <TrackedMethodRefs>
                    <TrackedMethodRef uid="8" vc="1" />
                  </TrackedMethodRefs>
                </SequencePoint>
                <SequencePoint vc="1" uspid="69" ordinal="2" offset="185" sl="247" sc="13" el="247" ec="61" bec="0" bev="0" fileid="1">
                  <TrackedMethodRefs>
                    <TrackedMethodRef uid="8" vc="1" />
                  </TrackedMethodRefs>
                </SequencePoint>
                <SequencePoint vc="1" uspid="70" ordinal="3" offset="202" sl="250" sc="13" el="250" ec="79" bec="0" bev="0" fileid="1">
                  <TrackedMethodRefs>
                    <TrackedMethodRef uid="8" vc="1" />
                  </TrackedMethodRefs>
                </SequencePoint>
                <SequencePoint vc="1" uspid="71" ordinal="4" offset="343" sl="251" sc="9" el="251" ec="10" bec="0" bev="0" fileid="1">
                  <TrackedMethodRefs>
                    <TrackedMethodRef uid="8" vc="1" />
                  </TrackedMethodRefs>
                </SequencePoint>
              </SequencePoints>
              <BranchPoints />
              <MethodPoint xsi:type="SequencePoint" vc="1" uspid="67" ordinal="0" offset="0" sl="235" sc="9" el="235" ec="10" bec="0" bev="0" fileid="1">
                <TrackedMethodRefs>
                  <TrackedMethodRef uid="8" vc="1" />
                </TrackedMethodRefs>
              </MethodPoint>
            </Method>
            <Method visited="false" cyclomaticComplexity="1" nPathComplexity="0" sequenceCoverage="0" branchCoverage="0" crapScore="2" isConstructor="true" isStatic="false" isGetter="false" isSetter="false">
              <Summary numSequencePoints="0" visitedSequencePoints="0" numBranchPoints="0" visitedBranchPoints="0" sequenceCoverage="0" branchCoverage="0" maxCyclomaticComplexity="1" minCyclomaticComplexity="1" maxCrapScore="2" minCrapScore="2" visitedClasses="0" numClasses="0" visitedMethods="0" numMethods="0" />
              <MetadataToken>100663306</MetadataToken>
              <Name>System.Void Tests.BLL.SheduleTest::.ctor()</Name>
              <SequencePoints />
              <BranchPoints />
              <MethodPoint vc="0" uspid="72" ordinal="0" offset="0" />
            </Method>
          </Methods>
        </Class>
        <Class>
          <Summary numSequencePoints="0" visitedSequencePoints="0" numBranchPoints="0" visitedBranchPoints="0" sequenceCoverage="0" branchCoverage="0" maxCyclomaticComplexity="1" minCyclomaticComplexity="1" maxCrapScore="2" minCrapScore="2" visitedClasses="0" numClasses="0" visitedMethods="0" numMethods="0" />
          <FullName>Tests.BLL.SheduleTest/&lt;&gt;c</FullName>
          <Methods>
            <Method visited="false" cyclomaticComplexity="1" nPathComplexity="0" sequenceCoverage="0" branchCoverage="0" crapScore="2" isConstructor="true" isStatic="true" isGetter="false" isSetter="false">
              <Summary numSequencePoints="0" visitedSequencePoints="0" numBranchPoints="0" visitedBranchPoints="0" sequenceCoverage="0" branchCoverage="0" maxCyclomaticComplexity="1" minCyclomaticComplexity="1" maxCrapScore="2" minCrapScore="2" visitedClasses="0" numClasses="0" visitedMethods="0" numMethods="0" />
              <MetadataToken>100663319</MetadataToken>
              <Name>System.Void Tests.BLL.SheduleTest/&lt;&gt;c::.cctor()</Name>
              <SequencePoints />
              <BranchPoints />
              <MethodPoint vc="0" uspid="73" ordinal="0" offset="0" />
            </Method>
            <Method visited="false" cyclomaticComplexity="1" nPathComplexity="0" sequenceCoverage="0" branchCoverage="0" crapScore="2" isConstructor="true" isStatic="false" isGetter="false" isSetter="false">
              <Summary numSequencePoints="0" visitedSequencePoints="0" numBranchPoints="0" visitedBranchPoints="0" sequenceCoverage="0" branchCoverage="0" maxCyclomaticComplexity="1" minCyclomaticComplexity="1" maxCrapScore="2" minCrapScore="2" visitedClasses="0" numClasses="0" visitedMethods="0" numMethods="0" />
              <MetadataToken>100663320</MetadataToken>
              <Name>System.Void Tests.BLL.SheduleTest/&lt;&gt;c::.ctor()</Name>
              <SequencePoints />
              <BranchPoints />
              <MethodPoint vc="0" uspid="74" ordinal="0" offset="0" />
            </Method>
          </Methods>
        </Class>
        <Class>
          <Summary numSequencePoints="30" visitedSequencePoints="30" numBranchPoints="6" visitedBranchPoints="6" sequenceCoverage="100" branchCoverage="100" maxCyclomaticComplexity="1" minCyclomaticComplexity="1" maxCrapScore="2" minCrapScore="1" visitedClasses="1" numClasses="1" visitedMethods="6" numMethods="6" />
          <FullName>Tests.BLL.TeacherTest</FullName>
          <Methods>
            <Method visited="true" cyclomaticComplexity="1" nPathComplexity="0" sequenceCoverage="100" branchCoverage="100" crapScore="1" isConstructor="false" isStatic="false" isGetter="false" isSetter="false">
              <Summary numSequencePoints="8" visitedSequencePoints="8" numBranchPoints="1" visitedBranchPoints="1" sequenceCoverage="100" branchCoverage="100" maxCyclomaticComplexity="1" minCyclomaticComplexity="1" maxCrapScore="1" minCrapScore="1" visitedClasses="0" numClasses="0" visitedMethods="1" numMethods="1" />
              <MetadataToken>100663307</MetadataToken>
              <Name>System.Void Tests.BLL.TeacherTest::Load()</Name>
              <FileRef uid="2" />
              <SequencePoints>
                <SequencePoint vc="5" uspid="75" ordinal="0" offset="0" sl="25" sc="9" el="25" ec="10" bec="0" bev="0" fileid="2" />
                <SequencePoint vc="5" uspid="76" ordinal="1" offset="1" sl="26" sc="13" el="26" ec="43" bec="0" bev="0" fileid="2" />
                <SequencePoint vc="5" uspid="77" ordinal="2" offset="12" sl="27" sc="13" el="27" ec="73" bec="0" bev="0" fileid="2" />
                <SequencePoint vc="5" uspid="78" ordinal="3" offset="23" sl="28" sc="13" el="28" ec="74" bec="0" bev="0" fileid="2" />
                <SequencePoint vc="5" uspid="79" ordinal="4" offset="108" sl="29" sc="13" el="34" ec="20" bec="0" bev="0" fileid="2" />
                <SequencePoint vc="5" uspid="80" ordinal="5" offset="271" sl="35" sc="13" el="39" ec="19" bec="0" bev="0" fileid="2" />
                <SequencePoint vc="5" uspid="81" ordinal="6" offset="422" sl="40" sc="13" el="40" ec="59" bec="0" bev="0" fileid="2" />
                <SequencePoint vc="5" uspid="82" ordinal="7" offset="444" sl="41" sc="9" el="41" ec="10" bec="0" bev="0" fileid="2" />
              </SequencePoints>
              <BranchPoints />
              <MethodPoint xsi:type="SequencePoint" vc="5" uspid="75" ordinal="0" offset="0" sl="25" sc="9" el="25" ec="10" bec="0" bev="0" fileid="2" />
            </Method>
            <Method visited="true" cyclomaticComplexity="1" nPathComplexity="0" sequenceCoverage="100" branchCoverage="100" crapScore="1" isConstructor="false" isStatic="false" isGetter="false" isSetter="false">
              <Summary numSequencePoints="5" visitedSequencePoints="5" numBranchPoints="1" visitedBranchPoints="1" sequenceCoverage="100" branchCoverage="100" maxCyclomaticComplexity="1" minCyclomaticComplexity="1" maxCrapScore="1" minCrapScore="1" visitedClasses="0" numClasses="0" visitedMethods="1" numMethods="1" />
              <MetadataToken>100663308</MetadataToken>
              <Name>System.Void Tests.BLL.TeacherTest::Add_TryToCreate_RepositoryShouldCallOnce()</Name>
              <FileRef uid="2" />
              <SequencePoints>
                <SequencePoint vc="1" uspid="83" ordinal="0" offset="0" sl="45" sc="9" el="45" ec="10" bec="0" bev="0" fileid="2">
                  <TrackedMethodRefs>
                    <TrackedMethodRef uid="9" vc="1" />
                  </TrackedMethodRefs>
                </SequencePoint>
                <SequencePoint vc="1" uspid="84" ordinal="1" offset="1" sl="47" sc="13" el="51" ec="15" bec="0" bev="0" fileid="2">
                  <TrackedMethodRefs>
                    <TrackedMethodRef uid="9" vc="1" />
                  </TrackedMethodRefs>
                </SequencePoint>
                <SequencePoint vc="1" uspid="85" ordinal="2" offset="31" sl="53" sc="13" el="53" ec="48" bec="0" bev="0" fileid="2">
                  <TrackedMethodRefs>
                    <TrackedMethodRef uid="9" vc="1" />
                  </TrackedMethodRefs>
                </SequencePoint>
                <SequencePoint vc="1" uspid="86" ordinal="3" offset="44" sl="56" sc="13" el="56" ec="81" bec="0" bev="0" fileid="2">
                  <TrackedMethodRefs>
                    <TrackedMethodRef uid="9" vc="1" />
                  </TrackedMethodRefs>
                </SequencePoint>
                <SequencePoint vc="1" uspid="87" ordinal="4" offset="185" sl="57" sc="9" el="57" ec="10" bec="0" bev="0" fileid="2">
                  <TrackedMethodRefs>
                    <TrackedMethodRef uid="9" vc="1" />
                  </TrackedMethodRefs>
                </SequencePoint>
              </SequencePoints>
              <BranchPoints />
              <MethodPoint xsi:type="SequencePoint" vc="1" uspid="83" ordinal="0" offset="0" sl="45" sc="9" el="45" ec="10" bec="0" bev="0" fileid="2">
                <TrackedMethodRefs>
                  <TrackedMethodRef uid="9" vc="1" />
                </TrackedMethodRefs>
              </MethodPoint>
            </Method>
            <Method visited="true" cyclomaticComplexity="1" nPathComplexity="0" sequenceCoverage="100" branchCoverage="100" crapScore="1" isConstructor="false" isStatic="false" isGetter="false" isSetter="false">
              <Summary numSequencePoints="5" visitedSequencePoints="5" numBranchPoints="1" visitedBranchPoints="1" sequenceCoverage="100" branchCoverage="100" maxCyclomaticComplexity="1" minCyclomaticComplexity="1" maxCrapScore="1" minCrapScore="1" visitedClasses="0" numClasses="0" visitedMethods="1" numMethods="1" />
              <MetadataToken>100663309</MetadataToken>
              <Name>System.Void Tests.BLL.TeacherTest::RemoveTeacher_TryToRemoveTeacher_RepositoryShouldCallOnce()</Name>
              <FileRef uid="2" />
              <SequencePoints>
                <SequencePoint vc="1" uspid="88" ordinal="0" offset="0" sl="63" sc="9" el="63" ec="10" bec="0" bev="0" fileid="2">
                  <TrackedMethodRefs>
                    <TrackedMethodRef uid="10" vc="1" />
                  </TrackedMethodRefs>
                </SequencePoint>
                <SequencePoint vc="1" uspid="89" ordinal="1" offset="1" sl="65" sc="13" el="69" ec="16" bec="0" bev="0" fileid="2">
                  <TrackedMethodRefs>
                    <TrackedMethodRef uid="10" vc="1" />
                  </TrackedMethodRefs>
                </SequencePoint>
                <SequencePoint vc="1" uspid="90" ordinal="2" offset="144" sl="72" sc="13" el="72" ec="59" bec="0" bev="0" fileid="2">
                  <TrackedMethodRefs>
                    <TrackedMethodRef uid="10" vc="1" />
                  </TrackedMethodRefs>
                </SequencePoint>
                <SequencePoint vc="1" uspid="91" ordinal="3" offset="161" sl="75" sc="13" el="75" ec="77" bec="0" bev="0" fileid="2">
                  <TrackedMethodRefs>
                    <TrackedMethodRef uid="10" vc="1" />
                  </TrackedMethodRefs>
                </SequencePoint>
                <SequencePoint vc="1" uspid="92" ordinal="4" offset="302" sl="76" sc="9" el="76" ec="10" bec="0" bev="0" fileid="2">
                  <TrackedMethodRefs>
                    <TrackedMethodRef uid="10" vc="1" />
                  </TrackedMethodRefs>
                </SequencePoint>
              </SequencePoints>
              <BranchPoints />
              <MethodPoint xsi:type="SequencePoint" vc="1" uspid="88" ordinal="0" offset="0" sl="63" sc="9" el="63" ec="10" bec="0" bev="0" fileid="2">
                <TrackedMethodRefs>
                  <TrackedMethodRef uid="10" vc="1" />
                </TrackedMethodRefs>
              </MethodPoint>
            </Method>
            <Method visited="true" cyclomaticComplexity="1" nPathComplexity="0" sequenceCoverage="100" branchCoverage="100" crapScore="1" isConstructor="false" isStatic="false" isGetter="false" isSetter="false">
              <Summary numSequencePoints="4" visitedSequencePoints="4" numBranchPoints="1" visitedBranchPoints="1" sequenceCoverage="100" branchCoverage="100" maxCyclomaticComplexity="1" minCyclomaticComplexity="1" maxCrapScore="1" minCrapScore="1" visitedClasses="0" numClasses="0" visitedMethods="1" numMethods="1" />
              <MetadataToken>100663310</MetadataToken>
              <Name>System.Void Tests.BLL.TeacherTest::GetAll_RepositoryShouldCallOnce()</Name>
              <FileRef uid="2" />
              <SequencePoints>
                <SequencePoint vc="1" uspid="93" ordinal="0" offset="0" sl="80" sc="9" el="80" ec="10" bec="0" bev="0" fileid="2">
                  <TrackedMethodRefs>
                    <TrackedMethodRef uid="11" vc="1" />
                  </TrackedMethodRefs>
                </SequencePoint>
                <SequencePoint vc="1" uspid="94" ordinal="1" offset="1" sl="82" sc="13" el="82" ec="37" bec="0" bev="0" fileid="2">
                  <TrackedMethodRefs>
                    <TrackedMethodRef uid="11" vc="1" />
                  </TrackedMethodRefs>
                </SequencePoint>
                <SequencePoint vc="1" uspid="95" ordinal="2" offset="13" sl="85" sc="13" el="85" ec="53" bec="0" bev="0" fileid="2">
                  <TrackedMethodRefs>
                    <TrackedMethodRef uid="11" vc="1" />
                  </TrackedMethodRefs>
                </SequencePoint>
                <SequencePoint vc="1" uspid="96" ordinal="3" offset="94" sl="86" sc="9" el="86" ec="10" bec="0" bev="0" fileid="2">
                  <TrackedMethodRefs>
                    <TrackedMethodRef uid="11" vc="1" />
                  </TrackedMethodRefs>
                </SequencePoint>
              </SequencePoints>
              <BranchPoints />
              <MethodPoint xsi:type="SequencePoint" vc="1" uspid="93" ordinal="0" offset="0" sl="80" sc="9" el="80" ec="10" bec="0" bev="0" fileid="2">
                <TrackedMethodRefs>
                  <TrackedMethodRef uid="11" vc="1" />
                </TrackedMethodRefs>
              </MethodPoint>
            </Method>
            <Method visited="true" cyclomaticComplexity="1" nPathComplexity="0" sequenceCoverage="100" branchCoverage="100" crapScore="1" isConstructor="false" isStatic="false" isGetter="false" isSetter="false">
              <Summary numSequencePoints="4" visitedSequencePoints="4" numBranchPoints="1" visitedBranchPoints="1" sequenceCoverage="100" branchCoverage="100" maxCyclomaticComplexity="1" minCyclomaticComplexity="1" maxCrapScore="1" minCrapScore="1" visitedClasses="0" numClasses="0" visitedMethods="1" numMethods="1" />
              <MetadataToken>100663311</MetadataToken>
              <Name>System.Void Tests.BLL.TeacherTest::GetSheduleGroup_RepositoryShouldCallOnce()</Name>
              <FileRef uid="2" />
              <SequencePoints>
                <SequencePoint vc="1" uspid="97" ordinal="0" offset="0" sl="90" sc="9" el="90" ec="10" bec="0" bev="0" fileid="2">
                  <TrackedMethodRefs>
                    <TrackedMethodRef uid="12" vc="1" />
                  </TrackedMethodRefs>
                </SequencePoint>
                <SequencePoint vc="1" uspid="98" ordinal="1" offset="1" sl="92" sc="13" el="92" ec="37" bec="0" bev="0" fileid="2">
                  <TrackedMethodRefs>
                    <TrackedMethodRef uid="12" vc="1" />
                  </TrackedMethodRefs>
                </SequencePoint>
                <SequencePoint vc="1" uspid="99" ordinal="2" offset="13" sl="95" sc="13" el="95" ec="53" bec="0" bev="0" fileid="2">
                  <TrackedMethodRefs>
                    <TrackedMethodRef uid="12" vc="1" />
                  </TrackedMethodRefs>
                </SequencePoint>
                <SequencePoint vc="1" uspid="100" ordinal="3" offset="94" sl="96" sc="9" el="96" ec="10" bec="0" bev="0" fileid="2">
                  <TrackedMethodRefs>
                    <TrackedMethodRef uid="12" vc="1" />
                  </TrackedMethodRefs>
                </SequencePoint>
              </SequencePoints>
              <BranchPoints />
              <MethodPoint xsi:type="SequencePoint" vc="1" uspid="97" ordinal="0" offset="0" sl="90" sc="9" el="90" ec="10" bec="0" bev="0" fileid="2">
                <TrackedMethodRefs>
                  <TrackedMethodRef uid="12" vc="1" />
                </TrackedMethodRefs>
              </MethodPoint>
            </Method>
            <Method visited="true" cyclomaticComplexity="1" nPathComplexity="0" sequenceCoverage="100" branchCoverage="100" crapScore="1" isConstructor="false" isStatic="false" isGetter="false" isSetter="false">
              <Summary numSequencePoints="4" visitedSequencePoints="4" numBranchPoints="1" visitedBranchPoints="1" sequenceCoverage="100" branchCoverage="100" maxCyclomaticComplexity="1" minCyclomaticComplexity="1" maxCrapScore="1" minCrapScore="1" visitedClasses="0" numClasses="0" visitedMethods="1" numMethods="1" />
              <MetadataToken>100663312</MetadataToken>
              <Name>System.Void Tests.BLL.TeacherTest::GetTeacher_RepositoryShouldCallOnce()</Name>
              <FileRef uid="2" />
              <SequencePoints>
                <SequencePoint vc="1" uspid="101" ordinal="0" offset="0" sl="100" sc="9" el="100" ec="10" bec="0" bev="0" fileid="2">
                  <TrackedMethodRefs>
                    <TrackedMethodRef uid="13" vc="1" />
                  </TrackedMethodRefs>
                </SequencePoint>
                <SequencePoint vc="1" uspid="102" ordinal="1" offset="1" sl="102" sc="13" el="102" ec="37" bec="0" bev="0" fileid="2">
                  <TrackedMethodRefs>
                    <TrackedMethodRef uid="13" vc="1" />
                  </TrackedMethodRefs>
                </SequencePoint>
                <SequencePoint vc="1" uspid="103" ordinal="2" offset="13" sl="105" sc="13" el="105" ec="53" bec="0" bev="0" fileid="2">
                  <TrackedMethodRefs>
                    <TrackedMethodRef uid="13" vc="1" />
                  </TrackedMethodRefs>
                </SequencePoint>
                <SequencePoint vc="1" uspid="104" ordinal="3" offset="94" sl="106" sc="9" el="106" ec="10" bec="0" bev="0" fileid="2">
                  <TrackedMethodRefs>
                    <TrackedMethodRef uid="13" vc="1" />
                  </TrackedMethodRefs>
                </SequencePoint>
              </SequencePoints>
              <BranchPoints />
              <MethodPoint xsi:type="SequencePoint" vc="1" uspid="101" ordinal="0" offset="0" sl="100" sc="9" el="100" ec="10" bec="0" bev="0" fileid="2">
                <TrackedMethodRefs>
                  <TrackedMethodRef uid="13" vc="1" />
                </TrackedMethodRefs>
              </MethodPoint>
            </Method>
            <Method visited="false" cyclomaticComplexity="1" nPathComplexity="0" sequenceCoverage="0" branchCoverage="0" crapScore="2" isConstructor="true" isStatic="false" isGetter="false" isSetter="false">
              <Summary numSequencePoints="0" visitedSequencePoints="0" numBranchPoints="0" visitedBranchPoints="0" sequenceCoverage="0" branchCoverage="0" maxCyclomaticComplexity="1" minCyclomaticComplexity="1" maxCrapScore="2" minCrapScore="2" visitedClasses="0" numClasses="0" visitedMethods="0" numMethods="0" />
              <MetadataToken>100663313</MetadataToken>
              <Name>System.Void Tests.BLL.TeacherTest::.ctor()</Name>
              <SequencePoints />
              <BranchPoints />
              <MethodPoint vc="0" uspid="105" ordinal="0" offset="0" />
            </Method>
          </Methods>
        </Class>
        <Class>
          <Summary numSequencePoints="0" visitedSequencePoints="0" numBranchPoints="0" visitedBranchPoints="0" sequenceCoverage="0" branchCoverage="0" maxCyclomaticComplexity="1" minCyclomaticComplexity="1" maxCrapScore="2" minCrapScore="2" visitedClasses="0" numClasses="0" visitedMethods="0" numMethods="0" />
          <FullName>Tests.BLL.TeacherTest/&lt;&gt;c</FullName>
          <Methods>
            <Method visited="false" cyclomaticComplexity="1" nPathComplexity="0" sequenceCoverage="0" branchCoverage="0" crapScore="2" isConstructor="true" isStatic="true" isGetter="false" isSetter="false">
              <Summary numSequencePoints="0" visitedSequencePoints="0" numBranchPoints="0" visitedBranchPoints="0" sequenceCoverage="0" branchCoverage="0" maxCyclomaticComplexity="1" minCyclomaticComplexity="1" maxCrapScore="2" minCrapScore="2" visitedClasses="0" numClasses="0" visitedMethods="0" numMethods="0" />
              <MetadataToken>100663321</MetadataToken>
              <Name>System.Void Tests.BLL.TeacherTest/&lt;&gt;c::.cctor()</Name>
              <SequencePoints />
              <BranchPoints />
              <MethodPoint vc="0" uspid="106" ordinal="0" offset="0" />
            </Method>
            <Method visited="false" cyclomaticComplexity="1" nPathComplexity="0" sequenceCoverage="0" branchCoverage="0" crapScore="2" isConstructor="true" isStatic="false" isGetter="false" isSetter="false">
              <Summary numSequencePoints="0" visitedSequencePoints="0" numBranchPoints="0" visitedBranchPoints="0" sequenceCoverage="0" branchCoverage="0" maxCyclomaticComplexity="1" minCyclomaticComplexity="1" maxCrapScore="2" minCrapScore="2" visitedClasses="0" numClasses="0" visitedMethods="0" numMethods="0" />
              <MetadataToken>100663322</MetadataToken>
              <Name>System.Void Tests.BLL.TeacherTest/&lt;&gt;c::.ctor()</Name>
              <SequencePoints />
              <BranchPoints />
              <MethodPoint vc="0" uspid="107" ordinal="0" offset="0" />
            </Method>
          </Methods>
        </Class>
        <Class>
          <Summary numSequencePoints="40" visitedSequencePoints="34" numBranchPoints="4" visitedBranchPoints="4" sequenceCoverage="85" branchCoverage="100" maxCyclomaticComplexity="1" minCyclomaticComplexity="1" maxCrapScore="2" minCrapScore="1" visitedClasses="1" numClasses="1" visitedMethods="4" numMethods="4" />
          <FullName>Tests.BLL.UserTest</FullName>
          <Methods>
            <Method visited="true" cyclomaticComplexity="1" nPathComplexity="0" sequenceCoverage="100" branchCoverage="100" crapScore="1" isConstructor="false" isStatic="false" isGetter="false" isSetter="false">
              <Summary numSequencePoints="8" visitedSequencePoints="8" numBranchPoints="1" visitedBranchPoints="1" sequenceCoverage="100" branchCoverage="100" maxCyclomaticComplexity="1" minCyclomaticComplexity="1" maxCrapScore="1" minCrapScore="1" visitedClasses="0" numClasses="0" visitedMethods="1" numMethods="1" />
              <MetadataToken>100663314</MetadataToken>
              <Name>System.Void Tests.BLL.UserTest::Load()</Name>
              <FileRef uid="3" />
              <SequencePoints>
                <SequencePoint vc="3" uspid="108" ordinal="0" offset="0" sl="26" sc="9" el="26" ec="10" bec="0" bev="0" fileid="3" />
                <SequencePoint vc="3" uspid="109" ordinal="1" offset="1" sl="27" sc="13" el="27" ec="43" bec="0" bev="0" fileid="3" />
                <SequencePoint vc="3" uspid="110" ordinal="2" offset="12" sl="28" sc="13" el="28" ec="67" bec="0" bev="0" fileid="3" />
                <SequencePoint vc="3" uspid="111" ordinal="3" offset="23" sl="29" sc="13" el="29" ec="68" bec="0" bev="0" fileid="3" />
                <SequencePoint vc="3" uspid="112" ordinal="4" offset="108" sl="30" sc="13" el="35" ec="20" bec="0" bev="0" fileid="3" />
                <SequencePoint vc="3" uspid="113" ordinal="5" offset="271" sl="36" sc="13" el="40" ec="19" bec="0" bev="0" fileid="3" />
                <SequencePoint vc="3" uspid="114" ordinal="6" offset="422" sl="41" sc="13" el="41" ec="53" bec="0" bev="0" fileid="3" />
                <SequencePoint vc="3" uspid="115" ordinal="7" offset="444" sl="42" sc="9" el="42" ec="10" bec="0" bev="0" fileid="3" />
              </SequencePoints>
              <BranchPoints />
              <MethodPoint xsi:type="SequencePoint" vc="3" uspid="108" ordinal="0" offset="0" sl="26" sc="9" el="26" ec="10" bec="0" bev="0" fileid="3" />
            </Method>
            <Method visited="true" cyclomaticComplexity="1" nPathComplexity="0" sequenceCoverage="81.82" branchCoverage="100" crapScore="1.01" isConstructor="false" isStatic="false" isGetter="false" isSetter="false">
              <Summary numSequencePoints="11" visitedSequencePoints="9" numBranchPoints="1" visitedBranchPoints="1" sequenceCoverage="81.82" branchCoverage="100" maxCyclomaticComplexity="1" minCyclomaticComplexity="1" maxCrapScore="1.01" minCrapScore="1.01" visitedClasses="0" numClasses="0" visitedMethods="1" numMethods="1" />
              <MetadataToken>100663315</MetadataToken>
              <Name>System.Void Tests.BLL.UserTest::Add_TryToCreate_RepositoryShouldCallOnce()</Name>
              <FileRef uid="3" />
              <SequencePoints>
                <SequencePoint vc="1" uspid="116" ordinal="0" offset="0" sl="46" sc="9" el="46" ec="10" bec="0" bev="0" fileid="3">
                  <TrackedMethodRefs>
                    <TrackedMethodRef uid="14" vc="1" />
                  </TrackedMethodRefs>
                </SequencePoint>
                <SequencePoint vc="1" uspid="117" ordinal="1" offset="1" sl="48" sc="13" el="52" ec="15" bec="0" bev="0" fileid="3">
                  <TrackedMethodRefs>
                    <TrackedMethodRef uid="14" vc="1" />
                  </TrackedMethodRefs>
                </SequencePoint>
                <SequencePoint vc="1" uspid="118" ordinal="2" offset="31" sl="54" sc="13" el="54" ec="14" bec="0" bev="0" fileid="3">
                  <TrackedMethodRefs>
                    <TrackedMethodRef uid="14" vc="1" />
                  </TrackedMethodRefs>
                </SequencePoint>
                <SequencePoint vc="1" uspid="119" ordinal="3" offset="32" sl="55" sc="17" el="55" ec="43" bec="0" bev="0" fileid="3">
                  <TrackedMethodRefs>
                    <TrackedMethodRef uid="14" vc="1" />
                  </TrackedMethodRefs>
                </SequencePoint>
                <SequencePoint vc="0" uspid="120" ordinal="4" offset="45" sl="58" sc="17" el="58" ec="79" bec="0" bev="0" fileid="3" />
                <SequencePoint vc="0" uspid="121" ordinal="5" offset="186" sl="59" sc="13" el="59" ec="14" bec="0" bev="0" fileid="3" />
                <SequencePoint vc="1" uspid="122" ordinal="6" offset="192" sl="60" sc="13" el="60" ec="18" bec="0" bev="0" fileid="3">
                  <TrackedMethodRefs>
                    <TrackedMethodRef uid="14" vc="1" />
                  </TrackedMethodRefs>
                </SequencePoint>
                <SequencePoint vc="1" uspid="123" ordinal="7" offset="193" sl="61" sc="13" el="61" ec="14" bec="0" bev="0" fileid="3">
                  <TrackedMethodRefs>
                    <TrackedMethodRef uid="14" vc="1" />
                  </TrackedMethodRefs>
                </SequencePoint>
                <SequencePoint vc="1" uspid="124" ordinal="8" offset="194" sl="62" sc="17" el="62" ec="80" bec="0" bev="0" fileid="3">
                  <TrackedMethodRefs>
                    <TrackedMethodRef uid="14" vc="1" />
                  </TrackedMethodRefs>
                </SequencePoint>
                <SequencePoint vc="1" uspid="125" ordinal="9" offset="335" sl="63" sc="13" el="63" ec="14" bec="0" bev="0" fileid="3">
                  <TrackedMethodRefs>
                    <TrackedMethodRef uid="14" vc="1" />
                  </TrackedMethodRefs>
                </SequencePoint>
                <SequencePoint vc="1" uspid="126" ordinal="10" offset="338" sl="64" sc="9" el="64" ec="10" bec="0" bev="0" fileid="3">
                  <TrackedMethodRefs>
                    <TrackedMethodRef uid="14" vc="1" />
                  </TrackedMethodRefs>
                </SequencePoint>
              </SequencePoints>
              <BranchPoints />
              <MethodPoint xsi:type="SequencePoint" vc="1" uspid="116" ordinal="0" offset="0" sl="46" sc="9" el="46" ec="10" bec="0" bev="0" fileid="3">
                <TrackedMethodRefs>
                  <TrackedMethodRef uid="14" vc="1" />
                </TrackedMethodRefs>
              </MethodPoint>
            </Method>
            <Method visited="true" cyclomaticComplexity="1" nPathComplexity="0" sequenceCoverage="81.82" branchCoverage="100" crapScore="1.01" isConstructor="false" isStatic="false" isGetter="false" isSetter="false">
              <Summary numSequencePoints="11" visitedSequencePoints="9" numBranchPoints="1" visitedBranchPoints="1" sequenceCoverage="81.82" branchCoverage="100" maxCyclomaticComplexity="1" minCyclomaticComplexity="1" maxCrapScore="1.01" minCrapScore="1.01" visitedClasses="0" numClasses="0" visitedMethods="1" numMethods="1" />
              <MetadataToken>100663316</MetadataToken>
              <Name>System.Void Tests.BLL.UserTest::RemoveUser_TryToRemoveUser_RepositoryShouldCallOnce()</Name>
              <FileRef uid="3" />
              <SequencePoints>
                <SequencePoint vc="1" uspid="127" ordinal="0" offset="0" sl="70" sc="9" el="70" ec="10" bec="0" bev="0" fileid="3">
                  <TrackedMethodRefs>
                    <TrackedMethodRef uid="15" vc="1" />
                  </TrackedMethodRefs>
                </SequencePoint>
                <SequencePoint vc="1" uspid="128" ordinal="1" offset="1" sl="72" sc="13" el="76" ec="16" bec="0" bev="0" fileid="3">
                  <TrackedMethodRefs>
                    <TrackedMethodRef uid="15" vc="1" />
                  </TrackedMethodRefs>
                </SequencePoint>
                <SequencePoint vc="1" uspid="129" ordinal="2" offset="144" sl="80" sc="13" el="80" ec="14" bec="0" bev="0" fileid="3">
                  <TrackedMethodRefs>
                    <TrackedMethodRef uid="15" vc="1" />
                  </TrackedMethodRefs>
                </SequencePoint>
                <SequencePoint vc="1" uspid="130" ordinal="3" offset="145" sl="81" sc="17" el="81" ec="57" bec="0" bev="0" fileid="3">
                  <TrackedMethodRefs>
                    <TrackedMethodRef uid="15" vc="1" />
                  </TrackedMethodRefs>
                </SequencePoint>
                <SequencePoint vc="0" uspid="131" ordinal="4" offset="162" sl="84" sc="17" el="84" ec="78" bec="0" bev="0" fileid="3" />
                <SequencePoint vc="0" uspid="132" ordinal="5" offset="303" sl="85" sc="13" el="85" ec="14" bec="0" bev="0" fileid="3" />
                <SequencePoint vc="1" uspid="133" ordinal="6" offset="309" sl="86" sc="13" el="86" ec="18" bec="0" bev="0" fileid="3">
                  <TrackedMethodRefs>
                    <TrackedMethodRef uid="15" vc="1" />
                  </TrackedMethodRefs>
                </SequencePoint>
                <SequencePoint vc="1" uspid="134" ordinal="7" offset="310" sl="87" sc="13" el="87" ec="14" bec="0" bev="0" fileid="3">
                  <TrackedMethodRefs>
                    <TrackedMethodRef uid="15" vc="1" />
                  </TrackedMethodRefs>
                </SequencePoint>
                <SequencePoint vc="1" uspid="135" ordinal="8" offset="311" sl="88" sc="17" el="88" ec="79" bec="0" bev="0" fileid="3">
                  <TrackedMethodRefs>
                    <TrackedMethodRef uid="15" vc="1" />
                  </TrackedMethodRefs>
                </SequencePoint>
                <SequencePoint vc="1" uspid="136" ordinal="9" offset="452" sl="89" sc="13" el="89" ec="14" bec="0" bev="0" fileid="3">
                  <TrackedMethodRefs>
                    <TrackedMethodRef uid="15" vc="1" />
                  </TrackedMethodRefs>
                </SequencePoint>
                <SequencePoint vc="1" uspid="137" ordinal="10" offset="455" sl="90" sc="9" el="90" ec="10" bec="0" bev="0" fileid="3">
                  <TrackedMethodRefs>
                    <TrackedMethodRef uid="15" vc="1" />
                  </TrackedMethodRefs>
                </SequencePoint>
              </SequencePoints>
              <BranchPoints />
              <MethodPoint xsi:type="SequencePoint" vc="1" uspid="127" ordinal="0" offset="0" sl="70" sc="9" el="70" ec="10" bec="0" bev="0" fileid="3">
                <TrackedMethodRefs>
                  <TrackedMethodRef uid="15" vc="1" />
                </TrackedMethodRefs>
              </MethodPoint>
            </Method>
            <Method visited="true" cyclomaticComplexity="1" nPathComplexity="0" sequenceCoverage="80" branchCoverage="100" crapScore="1.01" isConstructor="false" isStatic="false" isGetter="false" isSetter="false">
              <Summary numSequencePoints="10" visitedSequencePoints="8" numBranchPoints="1" visitedBranchPoints="1" sequenceCoverage="80" branchCoverage="100" maxCyclomaticComplexity="1" minCyclomaticComplexity="1" maxCrapScore="1.01" minCrapScore="1.01" visitedClasses="0" numClasses="0" visitedMethods="1" numMethods="1" />
              <MetadataToken>100663317</MetadataToken>
              <Name>System.Void Tests.BLL.UserTest::GetAll_RepositoryShouldCallOnce()</Name>
              <FileRef uid="3" />
              <SequencePoints>
                <SequencePoint vc="1" uspid="138" ordinal="0" offset="0" sl="94" sc="9" el="94" ec="10" bec="0" bev="0" fileid="3">
                  <TrackedMethodRefs>
                    <TrackedMethodRef uid="16" vc="1" />
                  </TrackedMethodRefs>
                </SequencePoint>
                <SequencePoint vc="1" uspid="139" ordinal="1" offset="1" sl="97" sc="13" el="97" ec="14" bec="0" bev="0" fileid="3">
                  <TrackedMethodRefs>
                    <TrackedMethodRef uid="16" vc="1" />
                  </TrackedMethodRefs>
                </SequencePoint>
                <SequencePoint vc="1" uspid="140" ordinal="2" offset="2" sl="98" sc="17" el="98" ec="38" bec="0" bev="0" fileid="3">
                  <TrackedMethodRefs>
                    <TrackedMethodRef uid="16" vc="1" />
                  </TrackedMethodRefs>
                </SequencePoint>
                <SequencePoint vc="0" uspid="141" ordinal="3" offset="14" sl="101" sc="17" el="101" ec="63" bec="0" bev="0" fileid="3" />
                <SequencePoint vc="0" uspid="142" ordinal="4" offset="125" sl="102" sc="13" el="102" ec="14" bec="0" bev="0" fileid="3" />
                <SequencePoint vc="1" uspid="143" ordinal="5" offset="128" sl="103" sc="13" el="103" ec="18" bec="0" bev="0" fileid="3">
                  <TrackedMethodRefs>
                    <TrackedMethodRef uid="16" vc="1" />
                  </TrackedMethodRefs>
                </SequencePoint>
                <SequencePoint vc="1" uspid="144" ordinal="6" offset="129" sl="104" sc="13" el="104" ec="14" bec="0" bev="0" fileid="3">
                  <TrackedMethodRefs>
                    <TrackedMethodRef uid="16" vc="1" />
                  </TrackedMethodRefs>
                </SequencePoint>
                <SequencePoint vc="1" uspid="145" ordinal="7" offset="130" sl="105" sc="17" el="105" ec="64" bec="0" bev="0" fileid="3">
                  <TrackedMethodRefs>
                    <TrackedMethodRef uid="16" vc="1" />
                  </TrackedMethodRefs>
                </SequencePoint>
                <SequencePoint vc="1" uspid="146" ordinal="8" offset="241" sl="106" sc="13" el="106" ec="14" bec="0" bev="0" fileid="3">
                  <TrackedMethodRefs>
                    <TrackedMethodRef uid="16" vc="1" />
                  </TrackedMethodRefs>
                </SequencePoint>
                <SequencePoint vc="1" uspid="147" ordinal="9" offset="244" sl="107" sc="9" el="107" ec="10" bec="0" bev="0" fileid="3">
                  <TrackedMethodRefs>
                    <TrackedMethodRef uid="16" vc="1" />
                  </TrackedMethodRefs>
                </SequencePoint>
              </SequencePoints>
              <BranchPoints />
              <MethodPoint xsi:type="SequencePoint" vc="1" uspid="138" ordinal="0" offset="0" sl="94" sc="9" el="94" ec="10" bec="0" bev="0" fileid="3">
                <TrackedMethodRefs>
                  <TrackedMethodRef uid="16" vc="1" />
                </TrackedMethodRefs>
              </MethodPoint>
            </Method>
            <Method visited="false" cyclomaticComplexity="1" nPathComplexity="0" sequenceCoverage="0" branchCoverage="0" crapScore="2" isConstructor="true" isStatic="false" isGetter="false" isSetter="false">
              <Summary numSequencePoints="0" visitedSequencePoints="0" numBranchPoints="0" visitedBranchPoints="0" sequenceCoverage="0" branchCoverage="0" maxCyclomaticComplexity="1" minCyclomaticComplexity="1" maxCrapScore="2" minCrapScore="2" visitedClasses="0" numClasses="0" visitedMethods="0" numMethods="0" />
              <MetadataToken>100663318</MetadataToken>
              <Name>System.Void Tests.BLL.UserTest::.ctor()</Name>
              <SequencePoints />
              <BranchPoints />
              <MethodPoint vc="0" uspid="148" ordinal="0" offset="0" />
            </Method>
          </Methods>
        </Class>
        <Class>
          <Summary numSequencePoints="0" visitedSequencePoints="0" numBranchPoints="0" visitedBranchPoints="0" sequenceCoverage="0" branchCoverage="0" maxCyclomaticComplexity="1" minCyclomaticComplexity="1" maxCrapScore="2" minCrapScore="2" visitedClasses="0" numClasses="0" visitedMethods="0" numMethods="0" />
          <FullName>Tests.BLL.UserTest/&lt;&gt;c</FullName>
          <Methods>
            <Method visited="false" cyclomaticComplexity="1" nPathComplexity="0" sequenceCoverage="0" branchCoverage="0" crapScore="2" isConstructor="true" isStatic="true" isGetter="false" isSetter="false">
              <Summary numSequencePoints="0" visitedSequencePoints="0" numBranchPoints="0" visitedBranchPoints="0" sequenceCoverage="0" branchCoverage="0" maxCyclomaticComplexity="1" minCyclomaticComplexity="1" maxCrapScore="2" minCrapScore="2" visitedClasses="0" numClasses="0" visitedMethods="0" numMethods="0" />
              <MetadataToken>100663323</MetadataToken>
              <Name>System.Void Tests.BLL.UserTest/&lt;&gt;c::.cctor()</Name>
              <SequencePoints />
              <BranchPoints />
              <MethodPoint vc="0" uspid="149" ordinal="0" offset="0" />
            </Method>
            <Method visited="false" cyclomaticComplexity="1" nPathComplexity="0" sequenceCoverage="0" branchCoverage="0" crapScore="2" isConstructor="true" isStatic="false" isGetter="false" isSetter="false">
              <Summary numSequencePoints="0" visitedSequencePoints="0" numBranchPoints="0" visitedBranchPoints="0" sequenceCoverage="0" branchCoverage="0" maxCyclomaticComplexity="1" minCyclomaticComplexity="1" maxCrapScore="2" minCrapScore="2" visitedClasses="0" numClasses="0" visitedMethods="0" numMethods="0" />
              <MetadataToken>100663324</MetadataToken>
              <Name>System.Void Tests.BLL.UserTest/&lt;&gt;c::.ctor()</Name>
              <SequencePoints />
              <BranchPoints />
              <MethodPoint vc="0" uspid="150" ordinal="0" offset="0" />
            </Method>
          </Methods>
        </Class>
      </Classes>
      <TrackedMethods>
        <TrackedMethod uid="1" token="100663298" name="System.Void Tests.BLL.SheduleTest::Add_TryToCreate_RepositoryShouldCallOnce()" strategy="NUnitTest" />
        <TrackedMethod uid="2" token="100663299" name="System.Void Tests.BLL.SheduleTest::Update_TryToEdit_RepositoryShouldCallOnce()" strategy="NUnitTest" />
        <TrackedMethod uid="3" token="100663300" name="System.Void Tests.BLL.SheduleTest::Update_TryToEdit_RepositoryShouldEdit()" strategy="NUnitTest" />
        <TrackedMethod uid="4" token="100663301" name="System.Void Tests.BLL.SheduleTest::RemoveShedule_TryToRemoveShedule_RepositoryShouldCallOnce()" strategy="NUnitTest" />
        <TrackedMethod uid="5" token="100663302" name="System.Void Tests.BLL.SheduleTest::GetSheduleGroup_ShouldCallOnce()" strategy="NUnitTest" />
        <TrackedMethod uid="6" token="100663303" name="System.Void Tests.BLL.SheduleTest::GetAutitoryShedule_ShouldCallOnce()" strategy="NUnitTest" />
        <TrackedMethod uid="7" token="100663304" name="System.Void Tests.BLL.SheduleTest::GetDisciplineShedule_ShouldCallOnce()" strategy="NUnitTest" />
        <TrackedMethod uid="8" token="100663305" name="System.Void Tests.BLL.SheduleTest::LoadTeacherName_ShouldCallOnce()" strategy="NUnitTest" />
        <TrackedMethod uid="9" token="100663308" name="System.Void Tests.BLL.TeacherTest::Add_TryToCreate_RepositoryShouldCallOnce()" strategy="NUnitTest" />
        <TrackedMethod uid="10" token="100663309" name="System.Void Tests.BLL.TeacherTest::RemoveTeacher_TryToRemoveTeacher_RepositoryShouldCallOnce()" strategy="NUnitTest" />
        <TrackedMethod uid="11" token="100663310" name="System.Void Tests.BLL.TeacherTest::GetAll_RepositoryShouldCallOnce()" strategy="NUnitTest" />
        <TrackedMethod uid="12" token="100663311" name="System.Void Tests.BLL.TeacherTest::GetSheduleGroup_RepositoryShouldCallOnce()" strategy="NUnitTest" />
        <TrackedMethod uid="13" token="100663312" name="System.Void Tests.BLL.TeacherTest::GetTeacher_RepositoryShouldCallOnce()" strategy="NUnitTest" />
        <TrackedMethod uid="14" token="100663315" name="System.Void Tests.BLL.UserTest::Add_TryToCreate_RepositoryShouldCallOnce()" strategy="NUnitTest" />
        <TrackedMethod uid="15" token="100663316" name="System.Void Tests.BLL.UserTest::RemoveUser_TryToRemoveUser_RepositoryShouldCallOnce()" strategy="NUnitTest" />
        <TrackedMethod uid="16" token="100663317" name="System.Void Tests.BLL.UserTest::GetAll_RepositoryShouldCallOnce()" strategy="NUnitTest" />
      </TrackedMethods>
    </Module>
    <Module hash="F9-04-3B-6B-D6-CF-37-F4-24-BB-62-E3-67-52-DC-17-D9-4D-5F-92">
      <Summary numSequencePoints="97" visitedSequencePoints="0" numBranchPoints="34" visitedBranchPoints="0" sequenceCoverage="0" branchCoverage="0" maxCyclomaticComplexity="3" minCyclomaticComplexity="1" maxCrapScore="12" minCrapScore="2" visitedClasses="0" numClasses="4" visitedMethods="0" numMethods="20" />
      <ModulePath>D:\2 курс\Курсач\CourseWork\Tests\bin\Debug\DAL.dll</ModulePath>
      <ModuleTime>2019-05-29T07:01:22.529153Z</ModuleTime>
      <ModuleName>DAL</ModuleName>
      <Files>
        <File uid="7" fullPath="D:\2 курс\Курсач\CourseWork\DAL\UnitOfWork\UnitOfWork.cs" />
        <File uid="8" fullPath="D:\2 курс\Курсач\CourseWork\DAL\Repository\GenericRepository.cs" />
        <File uid="9" fullPath="D:\2 курс\Курсач\CourseWork\DAL\Migrations\Configuration.cs" />
        <File uid="10" fullPath="D:\2 курс\Курсач\CourseWork\DAL\Entities\Role.cs" />
        <File uid="11" fullPath="D:\2 курс\Курсач\CourseWork\DAL\Entities\Shedule.cs" />
        <File uid="12" fullPath="D:\2 курс\Курсач\CourseWork\DAL\Entities\Teacher.cs" />
        <File uid="13" fullPath="D:\2 курс\Курсач\CourseWork\DAL\Entities\User.cs" />
        <File uid="14" fullPath="D:\2 курс\Курсач\CourseWork\DAL\Context\TableContext.cs" />
      </Files>
      <Classes>
        <Class>
          <Summary numSequencePoints="37" visitedSequencePoints="0" numBranchPoints="17" visitedBranchPoints="0" sequenceCoverage="0" branchCoverage="0" maxCyclomaticComplexity="3" minCyclomaticComplexity="1" maxCrapScore="12" minCrapScore="2" visitedClasses="0" numClasses="1" visitedMethods="0" numMethods="7" />
          <FullName>DAL.UnitOfWork.UnitOfWork</FullName>
          <Methods>
            <Method visited="false" cyclomaticComplexity="2" nPathComplexity="2" sequenceCoverage="0" branchCoverage="0" crapScore="6" isConstructor="false" isStatic="false" isGetter="true" isSetter="false">
              <Summary numSequencePoints="5" visitedSequencePoints="0" numBranchPoints="3" visitedBranchPoints="0" sequenceCoverage="0" branchCoverage="0" maxCyclomaticComplexity="2" minCyclomaticComplexity="2" maxCrapScore="6" minCrapScore="6" visitedClasses="0" numClasses="0" visitedMethods="0" numMethods="1" />
              <MetadataToken>100663298</MetadataToken>
              <Name>DAL.Interfaces.IGenericRepository`1&lt;DAL.Entities.User&gt; DAL.UnitOfWork.UnitOfWork::get_Users()</Name>
              <FileRef uid="7" />
              <SequencePoints>
                <SequencePoint vc="0" uspid="151" ordinal="0" offset="0" sl="25" sc="13" el="25" ec="14" bec="0" bev="0" fileid="7" />
                <SequencePoint vc="0" uspid="152" ordinal="1" offset="1" sl="26" sc="17" el="26" ec="35" bec="2" bev="0" fileid="7" />
                <SequencePoint vc="0" uspid="153" ordinal="2" offset="14" sl="27" sc="21" el="27" ec="66" bec="0" bev="0" fileid="7" />
                <SequencePoint vc="0" uspid="154" ordinal="3" offset="31" sl="28" sc="17" el="28" ec="30" bec="0" bev="0" fileid="7" />
                <SequencePoint vc="0" uspid="155" ordinal="4" offset="40" sl="29" sc="13" el="29" ec="14" bec="0" bev="0" fileid="7" />
              </SequencePoints>
              <BranchPoints>
                <BranchPoint vc="0" uspid="156" ordinal="0" offset="12" sl="26" path="0" offsetend="14" fileid="7" />
                <BranchPoint vc="0" uspid="157" ordinal="1" offset="12" sl="26" path="1" offsetend="31" fileid="7" />
              </BranchPoints>
              <MethodPoint xsi:type="SequencePoint" vc="0" uspid="151" ordinal="0" offset="0" sl="25" sc="13" el="25" ec="14" bec="0" bev="0" fileid="7" />
            </Method>
            <Method visited="false" cyclomaticComplexity="2" nPathComplexity="2" sequenceCoverage="0" branchCoverage="0" crapScore="6" isConstructor="false" isStatic="false" isGetter="true" isSetter="false">
              <Summary numSequencePoints="5" visitedSequencePoints="0" numBranchPoints="3" visitedBranchPoints="0" sequenceCoverage="0" branchCoverage="0" maxCyclomaticComplexity="2" minCyclomaticComplexity="2" maxCrapScore="6" minCrapScore="6" visitedClasses="0" numClasses="0" visitedMethods="0" numMethods="1" />
              <MetadataToken>100663299</MetadataToken>
              <Name>DAL.Interfaces.IGenericRepository`1&lt;DAL.Entities.Teacher&gt; DAL.UnitOfWork.UnitOfWork::get_Teachers()</Name>
              <FileRef uid="7" />
              <SequencePoints>
                <SequencePoint vc="0" uspid="158" ordinal="0" offset="0" sl="38" sc="13" el="38" ec="14" bec="0" bev="0" fileid="7" />
                <SequencePoint vc="0" uspid="159" ordinal="1" offset="1" sl="39" sc="17" el="39" ec="38" bec="2" bev="0" fileid="7" />
                <SequencePoint vc="0" uspid="160" ordinal="2" offset="14" sl="40" sc="21" el="40" ec="72" bec="0" bev="0" fileid="7" />
                <SequencePoint vc="0" uspid="161" ordinal="3" offset="31" sl="41" sc="17" el="41" ec="33" bec="0" bev="0" fileid="7" />
                <SequencePoint vc="0" uspid="162" ordinal="4" offset="40" sl="42" sc="13" el="42" ec="14" bec="0" bev="0" fileid="7" />
              </SequencePoints>
              <BranchPoints>
                <BranchPoint vc="0" uspid="163" ordinal="0" offset="12" sl="39" path="0" offsetend="14" fileid="7" />
                <BranchPoint vc="0" uspid="164" ordinal="1" offset="12" sl="39" path="1" offsetend="31" fileid="7" />
              </BranchPoints>
              <MethodPoint xsi:type="SequencePoint" vc="0" uspid="158" ordinal="0" offset="0" sl="38" sc="13" el="38" ec="14" bec="0" bev="0" fileid="7" />
            </Method>
            <Method visited="false" cyclomaticComplexity="2" nPathComplexity="2" sequenceCoverage="0" branchCoverage="0" crapScore="6" isConstructor="false" isStatic="false" isGetter="true" isSetter="false">
              <Summary numSequencePoints="5" visitedSequencePoints="0" numBranchPoints="3" visitedBranchPoints="0" sequenceCoverage="0" branchCoverage="0" maxCyclomaticComplexity="2" minCyclomaticComplexity="2" maxCrapScore="6" minCrapScore="6" visitedClasses="0" numClasses="0" visitedMethods="0" numMethods="1" />
              <MetadataToken>100663300</MetadataToken>
              <Name>DAL.Interfaces.IGenericRepository`1&lt;DAL.Entities.Shedule&gt; DAL.UnitOfWork.UnitOfWork::get_Shedules()</Name>
              <FileRef uid="7" />
              <SequencePoints>
                <SequencePoint vc="0" uspid="165" ordinal="0" offset="0" sl="51" sc="13" el="51" ec="14" bec="0" bev="0" fileid="7" />
                <SequencePoint vc="0" uspid="166" ordinal="1" offset="1" sl="52" sc="17" el="52" ec="38" bec="2" bev="0" fileid="7" />
                <SequencePoint vc="0" uspid="167" ordinal="2" offset="14" sl="53" sc="21" el="53" ec="72" bec="0" bev="0" fileid="7" />
                <SequencePoint vc="0" uspid="168" ordinal="3" offset="31" sl="54" sc="17" el="54" ec="33" bec="0" bev="0" fileid="7" />
                <SequencePoint vc="0" uspid="169" ordinal="4" offset="40" sl="55" sc="13" el="55" ec="14" bec="0" bev="0" fileid="7" />
              </SequencePoints>
              <BranchPoints>
                <BranchPoint vc="0" uspid="170" ordinal="0" offset="12" sl="52" path="0" offsetend="14" fileid="7" />
                <BranchPoint vc="0" uspid="171" ordinal="1" offset="12" sl="52" path="1" offsetend="31" fileid="7" />
              </BranchPoints>
              <MethodPoint xsi:type="SequencePoint" vc="0" uspid="165" ordinal="0" offset="0" sl="51" sc="13" el="51" ec="14" bec="0" bev="0" fileid="7" />
            </Method>
            <Method visited="false" cyclomaticComplexity="1" nPathComplexity="0" sequenceCoverage="0" branchCoverage="0" crapScore="2" isConstructor="true" isStatic="false" isGetter="false" isSetter="false">
              <Summary numSequencePoints="5" visitedSequencePoints="0" numBranchPoints="1" visitedBranchPoints="0" sequenceCoverage="0" branchCoverage="0" maxCyclomaticComplexity="1" minCyclomaticComplexity="1" maxCrapScore="2" minCrapScore="2" visitedClasses="0" numClasses="0" visitedMethods="0" numMethods="1" />
[...]
              <MetadataToken>100663379</MetadataToken>
              <Name>BLL.ModelDTO.UserDTO BLL.Logic.UserLogic::Login(System.String,System.String)</Name>
              <FileRef uid="40" />
              <SequencePoints>
                <SequencePoint vc="0" uspid="571" ordinal="0" offset="20" sl="76" sc="9" el="76" ec="10" bec="0" bev="0" fileid="40" />
                <SequencePoint vc="0" uspid="572" ordinal="1" offset="21" sl="77" sc="13" el="77" ec="125" bec="0" bev="0" fileid="40" />
                <SequencePoint vc="0" uspid="573" ordinal="2" offset="61" sl="78" sc="13" el="78" ec="30" bec="2" bev="0" fileid="40" />
                <SequencePoint vc="0" uspid="574" ordinal="3" offset="69" sl="79" sc="17" el="79" ec="75" bec="0" bev="0" fileid="40" />
                <SequencePoint vc="0" uspid="575" ordinal="4" offset="80" sl="80" sc="13" el="80" ec="32" bec="0" bev="0" fileid="40" />
                <SequencePoint vc="0" uspid="576" ordinal="5" offset="86" sl="81" sc="13" el="81" ec="25" bec="0" bev="0" fileid="40" />
                <SequencePoint vc="0" uspid="577" ordinal="6" offset="90" sl="82" sc="9" el="82" ec="10" bec="0" bev="0" fileid="40" />
              </SequencePoints>
              <BranchPoints>
                <BranchPoint vc="0" uspid="578" ordinal="0" offset="67" sl="78" path="0" offsetend="69" fileid="40" />
                <BranchPoint vc="0" uspid="579" ordinal="1" offset="67" sl="78" path="1" offsetend="80" fileid="40" />
              </BranchPoints>
              <MethodPoint vc="0" uspid="580" ordinal="0" offset="0" />
            </Method>
            <Method visited="false" cyclomaticComplexity="1" nPathComplexity="0" sequenceCoverage="0" branchCoverage="0" crapScore="2" isConstructor="false" isStatic="false" isGetter="false" isSetter="false">
              <Summary numSequencePoints="3" visitedSequencePoints="0" numBranchPoints="1" visitedBranchPoints="0" sequenceCoverage="0" branchCoverage="0" maxCyclomaticComplexity="1" minCyclomaticComplexity="1" maxCrapScore="2" minCrapScore="2" visitedClasses="0" numClasses="0" visitedMethods="0" numMethods="1" />
              <MetadataToken>100663380</MetadataToken>
              <Name>System.Void BLL.Logic.UserLogic::Logout()</Name>
              <FileRef uid="40" />
              <SequencePoints>
                <SequencePoint vc="0" uspid="581" ordinal="0" offset="0" sl="84" sc="9" el="84" ec="10" bec="0" bev="0" fileid="40" />
                <SequencePoint vc="0" uspid="582" ordinal="1" offset="1" sl="85" sc="13" el="85" ec="32" bec="0" bev="0" fileid="40" />
                <SequencePoint vc="0" uspid="583" ordinal="2" offset="7" sl="86" sc="9" el="86" ec="10" bec="0" bev="0" fileid="40" />
              </SequencePoints>
              <BranchPoints />
              <MethodPoint xsi:type="SequencePoint" vc="0" uspid="581" ordinal="0" offset="0" sl="84" sc="9" el="84" ec="10" bec="0" bev="0" fileid="40" />
            </Method>
            <Method visited="false" cyclomaticComplexity="1" nPathComplexity="0" sequenceCoverage="0" branchCoverage="0" crapScore="2" isConstructor="false" isStatic="false" isGetter="false" isSetter="false">
              <Summary numSequencePoints="3" visitedSequencePoints="0" numBranchPoints="1" visitedBranchPoints="0" sequenceCoverage="0" branchCoverage="0" maxCyclomaticComplexity="1" minCyclomaticComplexity="1" maxCrapScore="2" minCrapScore="2" visitedClasses="0" numClasses="0" visitedMethods="0" numMethods="1" />
              <MetadataToken>100663381</MetadataToken>
              <Name>System.Void BLL.Logic.UserLogic::Update(BLL.ModelDTO.UserDTO)</Name>
              <FileRef uid="40" />
              <SequencePoints>
                <SequencePoint vc="0" uspid="584" ordinal="0" offset="0" sl="89" sc="9" el="89" ec="10" bec="0" bev="0" fileid="40" />
                <SequencePoint vc="0" uspid="585" ordinal="1" offset="1" sl="90" sc="13" el="90" ec="67" bec="0" bev="0" fileid="40" />
                <SequencePoint vc="0" uspid="586" ordinal="2" offset="30" sl="91" sc="9" el="91" ec="10" bec="0" bev="0" fileid="40" />
              </SequencePoints>
              <BranchPoints />
              <MethodPoint xsi:type="SequencePoint" vc="0" uspid="584" ordinal="0" offset="0" sl="89" sc="9" el="89" ec="10" bec="0" bev="0" fileid="40" />
            </Method>
          </Methods>
        </Class>
        <Class>
          <Summary numSequencePoints="4" visitedSequencePoints="4" numBranchPoints="1" visitedBranchPoints="1" sequenceCoverage="100" branchCoverage="100" maxCyclomaticComplexity="1" minCyclomaticComplexity="1" maxCrapScore="2" minCrapScore="1" visitedClasses="1" numClasses="1" visitedMethods="1" numMethods="2" />
          <FullName>BLL.Logic.UserLogic/&lt;&gt;c</FullName>
          <Methods>
            <Method visited="false" cyclomaticComplexity="1" nPathComplexity="0" sequenceCoverage="0" branchCoverage="0" crapScore="2" isConstructor="true" isStatic="true" isGetter="false" isSetter="false">
              <Summary numSequencePoints="0" visitedSequencePoints="0" numBranchPoints="0" visitedBranchPoints="0" sequenceCoverage="0" branchCoverage="0" maxCyclomaticComplexity="1" minCyclomaticComplexity="1" maxCrapScore="2" minCrapScore="2" visitedClasses="0" numClasses="0" visitedMethods="0" numMethods="0" />
              <MetadataToken>100663451</MetadataToken>
              <Name>System.Void BLL.Logic.UserLogic/&lt;&gt;c::.cctor()</Name>
              <SequencePoints />
              <BranchPoints />
              <MethodPoint vc="0" uspid="587" ordinal="0" offset="0" />
            </Method>
            <Method visited="false" cyclomaticComplexity="1" nPathComplexity="0" sequenceCoverage="0" branchCoverage="0" crapScore="2" isConstructor="true" isStatic="false" isGetter="false" isSetter="false">
              <Summary numSequencePoints="0" visitedSequencePoints="0" numBranchPoints="0" visitedBranchPoints="0" sequenceCoverage="0" branchCoverage="0" maxCyclomaticComplexity="1" minCyclomaticComplexity="1" maxCrapScore="2" minCrapScore="2" visitedClasses="0" numClasses="0" visitedMethods="0" numMethods="0" />
              <MetadataToken>100663452</MetadataToken>
              <Name>System.Void BLL.Logic.UserLogic/&lt;&gt;c::.ctor()</Name>
              <SequencePoints />
              <BranchPoints />
              <MethodPoint vc="0" uspid="588" ordinal="0" offset="0" />
            </Method>
            <Method visited="false" cyclomaticComplexity="1" nPathComplexity="0" sequenceCoverage="0" branchCoverage="0" crapScore="2" isConstructor="false" isStatic="false" isGetter="false" isSetter="false">
              <Summary numSequencePoints="0" visitedSequencePoints="0" numBranchPoints="0" visitedBranchPoints="0" sequenceCoverage="0" branchCoverage="0" maxCyclomaticComplexity="1" minCyclomaticComplexity="1" maxCrapScore="2" minCrapScore="2" visitedClasses="0" numClasses="0" visitedMethods="0" numMethods="1" />
              <MetadataToken>100663453</MetadataToken>
              <Name>System.Void BLL.Logic.UserLogic/&lt;&gt;c::&lt;.ctor&gt;b__4_0(AutoMapper.IMapperConfigurationExpression)</Name>
              <FileRef uid="40" />
              <SequencePoints />
              <BranchPoints />
              <MethodPoint xsi:type="SequencePoint" vc="0" uspid="589" ordinal="0" offset="0" sl="23" sc="11" el="23" ec="12" bec="0" bev="0" fileid="40" />
            </Method>
            <Method visited="true" cyclomaticComplexity="1" nPathComplexity="0" sequenceCoverage="100" branchCoverage="100" crapScore="1" isConstructor="false" isStatic="false" isGetter="false" isSetter="false">
              <Summary numSequencePoints="4" visitedSequencePoints="4" numBranchPoints="1" visitedBranchPoints="1" sequenceCoverage="100" branchCoverage="100" maxCyclomaticComplexity="1" minCyclomaticComplexity="1" maxCrapScore="1" minCrapScore="1" visitedClasses="0" numClasses="0" visitedMethods="1" numMethods="1" />
              <MetadataToken>100663454</MetadataToken>
              <Name>System.Void BLL.Logic.UserLogic/&lt;&gt;c::&lt;.ctor&gt;b__5_0(AutoMapper.IMapperConfigurationExpression)</Name>
              <FileRef uid="40" />
              <SequencePoints>
                <SequencePoint vc="3" uspid="593" ordinal="0" offset="0" sl="23" sc="11" el="23" ec="12" bec="0" bev="0" fileid="40" />
                <SequencePoint vc="3" uspid="594" ordinal="1" offset="1" sl="24" sc="15" el="24" ec="46" bec="0" bev="0" fileid="40" />
                <SequencePoint vc="3" uspid="595" ordinal="2" offset="8" sl="25" sc="15" el="25" ec="46" bec="0" bev="0" fileid="40" />
                <SequencePoint vc="3" uspid="596" ordinal="3" offset="15" sl="26" sc="11" el="26" ec="12" bec="0" bev="0" fileid="40" />
              </SequencePoints>
              <BranchPoints />
              <MethodPoint xsi:type="SequencePoint" vc="3" uspid="593" ordinal="0" offset="0" sl="23" sc="11" el="23" ec="12" bec="0" bev="0" fileid="40" />
            </Method>
          </Methods>
        </Class>
        <Class>
          <Summary numSequencePoints="1" visitedSequencePoints="0" numBranchPoints="1" visitedBranchPoints="0" sequenceCoverage="0" branchCoverage="0" maxCyclomaticComplexity="1" minCyclomaticComplexity="1" maxCrapScore="2" minCrapScore="2" visitedClasses="0" numClasses="1" visitedMethods="0" numMethods="1" />
          <FullName>BLL.Logic.UserLogic/&lt;&gt;c__DisplayClass9_0</FullName>
          <Methods>
            <Method visited="false" cyclomaticComplexity="1" nPathComplexity="0" sequenceCoverage="0" branchCoverage="0" crapScore="2" isConstructor="true" isStatic="false" isGetter="false" isSetter="false">
              <Summary numSequencePoints="0" visitedSequencePoints="0" numBranchPoints="0" visitedBranchPoints="0" sequenceCoverage="0" branchCoverage="0" maxCyclomaticComplexity="1" minCyclomaticComplexity="1" maxCrapScore="2" minCrapScore="2" visitedClasses="0" numClasses="0" visitedMethods="0" numMethods="0" />
              <MetadataToken>100663455</MetadataToken>
              <Name>System.Void BLL.Logic.UserLogic/&lt;&gt;c__DisplayClass9_0::.ctor()</Name>
              <SequencePoints />
              <BranchPoints />
              <MethodPoint vc="0" uspid="597" ordinal="0" offset="0" />
            </Method>
            <Method visited="false" cyclomaticComplexity="1" nPathComplexity="0" sequenceCoverage="0" branchCoverage="0" crapScore="2" isConstructor="false" isStatic="false" isGetter="false" isSetter="false">
              <Summary numSequencePoints="1" visitedSequencePoints="0" numBranchPoints="1" visitedBranchPoints="0" sequenceCoverage="0" branchCoverage="0" maxCyclomaticComplexity="1" minCyclomaticComplexity="1" maxCrapScore="2" minCrapScore="2" visitedClasses="0" numClasses="0" visitedMethods="0" numMethods="1" />
              <MetadataToken>100663456</MetadataToken>
              <Name>System.Boolean BLL.Logic.UserLogic/&lt;&gt;c__DisplayClass9_0::&lt;GetUser&gt;b__0(DAL.Entities.User)</Name>
              <FileRef uid="40" />
              <SequencePoints>
                <SequencePoint vc="0" uspid="598" ordinal="0" offset="0" sl="72" sc="72" el="72" ec="83" bec="0" bev="0" fileid="40" />
              </SequencePoints>
              <BranchPoints />
              <MethodPoint xsi:type="SequencePoint" vc="0" uspid="598" ordinal="0" offset="0" sl="72" sc="72" el="72" ec="83" bec="0" bev="0" fileid="40" />
            </Method>
          </Methods>
        </Class>
        <Class>
          <Summary numSequencePoints="1" visitedSequencePoints="0" numBranchPoints="1" visitedBranchPoints="0" sequenceCoverage="0" branchCoverage="0" maxCyclomaticComplexity="2" minCyclomaticComplexity="1" maxCrapScore="6" minCrapScore="2" visitedClasses="0" numClasses="1" visitedMethods="0" numMethods="1" />
          <FullName>BLL.Logic.UserLogic/&lt;&gt;c__DisplayClass10_0</FullName>
          <Methods>
            <Method visited="false" cyclomaticComplexity="1" nPathComplexity="0" sequenceCoverage="0" branchCoverage="0" crapScore="2" isConstructor="true" isStatic="false" isGetter="false" isSetter="false">
              <Summary numSequencePoints="0" visitedSequencePoints="0" numBranchPoints="0" visitedBranchPoints="0" sequenceCoverage="0" branchCoverage="0" maxCyclomaticComplexity="1" minCyclomaticComplexity="1" maxCrapScore="2" minCrapScore="2" visitedClasses="0" numClasses="0" visitedMethods="0" numMethods="0" />
              <MetadataToken>100663457</MetadataToken>
              <Name>System.Void BLL.Logic.UserLogic/&lt;&gt;c__DisplayClass10_0::.ctor()</Name>
              <SequencePoints />
              <BranchPoints />
              <MethodPoint vc="0" uspid="599" ordinal="0" offset="0" />
            </Method>
            <Method visited="false" cyclomaticComplexity="2" nPathComplexity="0" sequenceCoverage="0" branchCoverage="0" crapScore="6" isConstructor="false" isStatic="false" isGetter="false" isSetter="false">
              <Summary numSequencePoints="1" visitedSequencePoints="0" numBranchPoints="1" visitedBranchPoints="0" sequenceCoverage="0" branchCoverage="0" maxCyclomaticComplexity="2" minCyclomaticComplexity="2" maxCrapScore="6" minCrapScore="6" visitedClasses="0" numClasses="0" visitedMethods="0" numMethods="1" />
              <MetadataToken>100663458</MetadataToken>
              <Name>System.Boolean BLL.Logic.UserLogic/&lt;&gt;c__DisplayClass10_0::&lt;Login&gt;b__0(DAL.Entities.User)</Name>
              <FileRef uid="40" />
              <SequencePoints>
                <SequencePoint vc="0" uspid="600" ordinal="0" offset="0" sl="77" sc="80" el="77" ec="122" bec="0" bev="0" fileid="40" />
              </SequencePoints>
              <BranchPoints />
              <MethodPoint xsi:type="SequencePoint" vc="0" uspid="600" ordinal="0" offset="0" sl="77" sc="80" el="77" ec="122" bec="0" bev="0" fileid="40" />
            </Method>
          </Methods>
        </Class>
        <Class>
          <Summary numSequencePoints="6" visitedSequencePoints="0" numBranchPoints="2" visitedBranchPoints="0" sequenceCoverage="0" branchCoverage="0" maxCyclomaticComplexity="1" minCyclomaticComplexity="1" maxCrapScore="2" minCrapScore="2" visitedClasses="0" numClasses="1" visitedMethods="0" numMethods="2" />
          <FullName>BLL.Infrastructure.LogicDependencyResolver</FullName>
          <Methods>
            <Method visited="false" cyclomaticComplexity="1" nPathComplexity="0" sequenceCoverage="0" branchCoverage="0" crapScore="2" isConstructor="true" isStatic="true" isGetter="false" isSetter="false">
              <Summary numSequencePoints="3" visitedSequencePoints="0" numBranchPoints="1" visitedBranchPoints="0" sequenceCoverage="0" branchCoverage="0" maxCyclomaticComplexity="1" minCyclomaticComplexity="1" maxCrapScore="2" minCrapScore="2" visitedClasses="0" numClasses="0" visitedMethods="0" numMethods="1" />
              <MetadataToken>100663406</MetadataToken>
              <Name>System.Void BLL.Infrastructure.LogicDependencyResolver::.cctor()</Name>
              <FileRef uid="44" />
              <SequencePoints>
                <SequencePoint vc="0" uspid="603" ordinal="0" offset="0" sl="16" sc="9" el="16" ec="10" bec="0" bev="0" fileid="44" />
                <SequencePoint vc="0" uspid="604" ordinal="1" offset="1" sl="17" sc="13" el="17" ec="36" bec="0" bev="0" fileid="44" />
                <SequencePoint vc="0" uspid="605" ordinal="2" offset="11" sl="18" sc="9" el="18" ec="10" bec="0" bev="0" fileid="44" />
              </SequencePoints>
              <BranchPoints />
              <MethodPoint xsi:type="SequencePoint" vc="0" uspid="603" ordinal="0" offset="0" sl="16" sc="9" el="16" ec="10" bec="0" bev="0" fileid="44" />
            </Method>
            <Method visited="false" cyclomaticComplexity="1" nPathComplexity="0" sequenceCoverage="0" branchCoverage="0" crapScore="2" isConstructor="false" isStatic="true" isGetter="false" isSetter="false">
              <Summary numSequencePoints="3" visitedSequencePoints="0" numBranchPoints="1" visitedBranchPoints="0" sequenceCoverage="0" branchCoverage="0" maxCyclomaticComplexity="1" minCyclomaticComplexity="1" maxCrapScore="2" minCrapScore="2" visitedClasses="0" numClasses="0" visitedMethods="0" numMethods="1" />
              <MetadataToken>100663407</MetadataToken>
              <Name>DAL.Interfaces.IUnitOfWork BLL.Infrastructure.LogicDependencyResolver::ResolveUoW()</Name>
              <FileRef uid="44" />
              <SequencePoints>
                <SequencePoint vc="0" uspid="606" ordinal="0" offset="0" sl="21" sc="9" el="21" ec="10" bec="0" bev="0" fileid="44" />
                <SequencePoint vc="0" uspid="607" ordinal="1" offset="1" sl="22" sc="13" el="22" ec="24" bec="0" bev="0" fileid="44" />
                <SequencePoint vc="0" uspid="608" ordinal="2" offset="9" sl="23" sc="9" el="23" ec="10" bec="0" bev="0" fileid="44" />
              </SequencePoints>
              <BranchPoints />
              <MethodPoint xsi:type="SequencePoint" vc="0" uspid="606" ordinal="0" offset="0" sl="21" sc="9" el="21" ec="10" bec="0" bev="0" fileid="44" />
            </Method>
          </Methods>
        </Class>
        <Class>
          <Summary numSequencePoints="3" visitedSequencePoints="0" numBranchPoints="1" visitedBranchPoints="0" sequenceCoverage="0" branchCoverage="0" maxCyclomaticComplexity="1" minCyclomaticComplexity="1" maxCrapScore="2" minCrapScore="2" visitedClasses="0" numClasses="1" visitedMethods="0" numMethods="1" />
          <FullName>BLL.Infrastructure.ServiceModule</FullName>
          <Methods>
            <Method visited="false" cyclomaticComplexity="1" nPathComplexity="0" sequenceCoverage="0" branchCoverage="0" crapScore="2" isConstructor="false" isStatic="false" isGetter="false" isSetter="false">
              <Summary numSequencePoints="3" visitedSequencePoints="0" numBranchPoints="1" visitedBranchPoints="0" sequenceCoverage="0" branchCoverage="0" maxCyclomaticComplexity="1" minCyclomaticComplexity="1" maxCrapScore="2" minCrapScore="2" visitedClasses="0" numClasses="0" visitedMethods="0" numMethods="1" />
              <MetadataToken>100663408</MetadataToken>
              <Name>System.Void BLL.Infrastructure.ServiceModule::Load()</Name>
              <FileRef uid="45" />
              <SequencePoints>
                <SequencePoint vc="0" uspid="609" ordinal="0" offset="0" sl="15" sc="9" el="15" ec="10" bec="0" bev="0" fileid="45" />
                <SequencePoint vc="0" uspid="610" ordinal="1" offset="1" sl="16" sc="13" el="16" ec="50" bec="0" bev="0" fileid="45" />
                <SequencePoint vc="0" uspid="611" ordinal="2" offset="13" sl="17" sc="9" el="17" ec="10" bec="0" bev="0" fileid="45" />
              </SequencePoints>
              <BranchPoints />
              <MethodPoint xsi:type="SequencePoint" vc="0" uspid="609" ordinal="0" offset="0" sl="15" sc="9" el="15" ec="10" bec="0" bev="0" fileid="45" />
            </Method>
            <Method visited="false" cyclomaticComplexity="1" nPathComplexity="0" sequenceCoverage="0" branchCoverage="0" crapScore="2" isConstructor="true" isStatic="false" isGetter="false" isSetter="false">
              <Summary numSequencePoints="0" visitedSequencePoints="0" numBranchPoints="0" visitedBranchPoints="0" sequenceCoverage="0" branchCoverage="0" maxCyclomaticComplexity="1" minCyclomaticComplexity="1" maxCrapScore="2" minCrapScore="2" visitedClasses="0" numClasses="0" visitedMethods="0" numMethods="0" />
              <MetadataToken>100663409</MetadataToken>
              <Name>System.Void BLL.Infrastructure.ServiceModule::.ctor()</Name>
              <SequencePoints />
              <BranchPoints />
              <MethodPoint vc="0" uspid="612" ordinal="0" offset="0" />
            </Method>
          </Methods>
        </Class>
      </Classes>
      <TrackedMethods />
    </Module>
  </Modules>
</CoverageSession>